{"logTime": "0506/122957", "correlationVector":"CbHPQj+gNmDzFTw4brGv1E.1","action":"SyncServerConnectionManagerRequest", "result":"SYNC_SERVER_OK", "context":{"environment":"Prod_southeastasia_prod-s01-064-apac-southeastasia", "migrationStage":"NotStarted", "server":"akswtt00000000q"}}
{"logTime": "0506/122957", "correlationVector":"CbHPQj+gNmDzFTw4brGv1E.2","action":"ProcessGetUpdates", "result":"Done", "context":{"dataType":"Encryption Keys", "deleted":"0", "process_failed_to_decrypt":"0", "process_pending_decryption":"0", "process_success":"1", "total":"1"}}
{"logTime": "0506/122958", "correlationVector":"bmCeuJy7Sj6OHGn9E0+hRS","action":"SyncServerConnectionManagerRequest", "result":"SYNC_SERVER_OK", "context":{"environment":"", "migrationStage":"", "server":""}}
{"logTime": "0506/122958", "correlationVector":"bmCeuJy7Sj6OHGn9E0+hRS.0","action":"EncryptionKeysFetcher.DownloadKeys:", "result":"Success", "context":Key count: 2, Last key timestamp: 2026-01-08T09:46:58Z}
{"logTime": "0506/122958", "correlationVector":"bmCeuJy7Sj6OHGn9E0+hRS.1","action":"EncryptionKeysManager::SetEncryptionKeys:", "result":"Success", "context":Key names[2]:[fkpUq56/C6uqvos5LJSGauZuFseXygq9AZQ66w9BO2w3SK5hp0SmIJqngBl5a483AY/PKxDUinDpUxfJoqtX3g==][BAOjnpcIDZ38Ng5ojvHdTrEhO6wxnwESN8ekfHX83PCE0JtDGic4MmQ+mAD8k0DucrFE4r6rZqasfaUCuqnYsA==]}
{"logTime": "0506/122958", "correlationVector":"bmCeuJy7Sj6OHGn9E0+hRS.2","action":"EncryptionKeysManager::SetEncryptionKeysWithTimestamps:", "result":"Success", "context":Key timestamps[2]:[2025-04-17T15:59:14Z][2026-01-08T09:46:58Z]}
{"logTime": "0506/122958", "correlationVector":"CbHPQj+gNmDzFTw4brGv1E","action":"Initial GetUpdates", "result":"", "context":Reason: NEW_CLIENT. cV=CbHPQj+gNmDzFTw4brGv1E}
{"logTime": "0506/122958", "correlationVector":"CbHPQj+gNmDzFTw4brGv1E.3","action":"GetUpdates Response", "result":"Success", "context":Received 1 update(s). cV=CbHPQj+gNmDzFTw4brGv1E.0;server=akswtt00000000q;cloudType=Consumer;environment=Prod_southeastasia_prod-s01-064-apac-southeastasia;migrationStage=NotStarted}
{"logTime": "0506/122958", "correlationVector":"6BJPKqwAfq305XguvKFwPW","action":"Initial GetUpdates", "result":"", "context":Reason: NEWLY_SUPPORTED_DATATYPE. cV=6BJPKqwAfq305XguvKFwPW}
{"logTime": "0506/122958", "correlationVector":"6BJPKqwAfq305XguvKFwPW.1","action":"SyncServerConnectionManagerRequest", "result":"SYNC_SERVER_OK", "context":{"environment":"Prod_southeastasia_prod-s01-064-apac-southeastasia", "migrationStage":"NotStarted", "server":"akswtt00000000l"}}
{"logTime": "0506/122958", "correlationVector":"6BJPKqwAfq305XguvKFwPW.2","action":"ProcessGetUpdates", "result":"Done", "context":{"dataType":"Preferences", "deleted":"0", "process_failed_to_decrypt":"0", "process_pending_decryption":"0", "process_success":"39", "total":"39"}}
{"logTime": "0506/122958", "correlationVector":"6BJPKqwAfq305XguvKFwPW.3","action":"ProcessGetUpdates", "result":"Done", "context":{"dataType":"Device Info", "deleted":"0", "process_failed_to_decrypt":"0", "process_pending_decryption":"0", "process_success":"4", "total":"4"}}
{"logTime": "0506/122958", "correlationVector":"6BJPKqwAfq305XguvKFwPW.4","action":"GetUpdates Response", "result":"Success", "context":Received 43 update(s). cV=6BJPKqwAfq305XguvKFwPW.0;server=akswtt00000000l;cloudType=Consumer;environment=Prod_southeastasia_prod-s01-064-apac-southeastasia;migrationStage=NotStarted}
{"logTime": "0506/122958", "correlationVector":"fbu8ojdz4ERLtzFypa++Mj","action":"Initial GetUpdates", "result":"", "context":Reason: NEWLY_SUPPORTED_DATATYPE. cV=fbu8ojdz4ERLtzFypa++Mj}
{"logTime": "0506/122959", "correlationVector":"fbu8ojdz4ERLtzFypa++Mj.1","action":"SyncServerConnectionManagerRequest", "result":"SYNC_SERVER_OK", "context":{"environment":"Prod_southeastasia_prod-s01-064-apac-southeastasia", "migrationStage":"NotStarted", "server":"akswtt00000000e"}}
{"logTime": "0506/122959", "correlationVector":"fbu8ojdz4ERLtzFypa++Mj.2","action":"ProcessGetUpdates", "result":"Done", "context":{"dataType":"Bookmarks", "deleted":"0", "process_failed_to_decrypt":"0", "process_pending_decryption":"0", "process_success":"8", "total":"8"}}
{"logTime": "0506/122959", "correlationVector":"fbu8ojdz4ERLtzFypa++Mj.3","action":"GetUpdates Response", "result":"Success", "context":Received 8 update(s). cV=fbu8ojdz4ERLtzFypa++Mj.0;server=akswtt00000000e;cloudType=Consumer;environment=Prod_southeastasia_prod-s01-064-apac-southeastasia;migrationStage=NotStarted}
{"logTime": "0506/122959", "correlationVector":"jTFuq7EHRzwxPzI3g4EgVH","action":"Initial GetUpdates", "result":"", "context":Reason: NEWLY_SUPPORTED_DATATYPE. cV=jTFuq7EHRzwxPzI3g4EgVH}
{"logTime": "0506/122959", "correlationVector":"jTFuq7EHRzwxPzI3g4EgVH.1","action":"SyncServerConnectionManagerRequest", "result":"SYNC_SERVER_OK", "context":{"environment":"Prod_southeastasia_prod-s01-064-apac-southeastasia", "migrationStage":"NotStarted", "server":"akswtt00000000j"}}
{"logTime": "0506/122959", "correlationVector":"jTFuq7EHRzwxPzI3g4EgVH.2","action":"ProcessGetUpdates", "result":"Done", "context":{"dataType":"Autofill Profiles", "deleted":"0", "process_failed_to_decrypt":"0", "process_pending_decryption":"0", "process_success":"1", "total":"1"}}
{"logTime": "0506/122959", "correlationVector":"jTFuq7EHRzwxPzI3g4EgVH.3","action":"ProcessGetUpdates", "result":"Done", "context":{"dataType":"Autofill", "deleted":"0", "process_failed_to_decrypt":"0", "process_pending_decryption":"0", "process_success":"2", "total":"2"}}
{"logTime": "0506/122959", "correlationVector":"jTFuq7EHRzwxPzI3g4EgVH.4","action":"ProcessGetUpdates", "result":"Done", "context":{"dataType":"Sessions", "deleted":"2", "process_failed_to_decrypt":"0", "process_pending_decryption":"0", "process_success":"2", "total":"2"}}
{"logTime": "0506/122959", "correlationVector":"jTFuq7EHRzwxPzI3g4EgVH.5","action":"ProcessGetUpdates", "result":"Done", "context":{"dataType":"Edge Hub App Usage", "deleted":"0", "process_failed_to_decrypt":"0", "process_pending_decryption":"0", "process_success":"1", "total":"1"}}
{"logTime": "0506/122959", "correlationVector":"jTFuq7EHRzwxPzI3g4EgVH.6","action":"GetUpdates Response", "result":"Success", "context":Received 6 update(s). cV=jTFuq7EHRzwxPzI3g4EgVH.0;server=akswtt00000000j;cloudType=Consumer;environment=Prod_southeastasia_prod-s01-064-apac-southeastasia;migrationStage=NotStarted}
{"logTime": "0506/122959", "correlationVector":"Z5Rp/vUC2A6UUhu9Ck7gHz","action":"Initial GetUpdates", "result":"", "context":Reason: NEWLY_SUPPORTED_DATATYPE. cV=Z5Rp/vUC2A6UUhu9Ck7gHz}
{"logTime": "0506/123000", "correlationVector":"Z5Rp/vUC2A6UUhu9Ck7gHz.1","action":"SyncServerConnectionManagerRequest", "result":"SYNC_SERVER_OK", "context":{"environment":"Prod_southeastasia_prod-s01-064-apac-southeastasia", "migrationStage":"NotStarted", "server":"akswtt00000000e"}}
{"logTime": "0506/123000", "correlationVector":"Z5Rp/vUC2A6UUhu9Ck7gHz.2","action":"GetUpdates Response", "result":"Success", "context":Received 0 update(s). cV=Z5Rp/vUC2A6UUhu9Ck7gHz.0;server=akswtt00000000e;cloudType=Consumer;environment=Prod_southeastasia_prod-s01-064-apac-southeastasia;migrationStage=NotStarted}
{"logTime": "0506/123000", "correlationVector":"RjRM15wk7S/C7ba2M8WL3/","action":"Normal GetUpdate request", "result":"", "context":cV=RjRM15wk7S/C7ba2M8WL3/
Nudged types: Preferences, Sessions, Device Info, User Consents
Refresh requested types: Bookmarks, Preferences, Passwords, Autofill Profiles, Autofill, Extensions, Sessions, Extension settings, History Delete Directives, Device Info, User Consents, Send Tab To Self, Web Apps, History, Saved Tab Group, WebAuthn Credentials, Collection, Edge E Drop, Edge Hub App Usage, Edge Wallet, Edge Workspace, Encryption Keys}
{"logTime": "0506/123001", "correlationVector":"RjRM15wk7S/C7ba2M8WL3/.1","action":"SyncServerConnectionManagerRequest", "result":"SYNC_SERVER_OK", "context":{"environment":"Prod_southeastasia_prod-s01-064-apac-southeastasia", "migrationStage":"NotStarted", "server":"akswtt000000000"}}
{"logTime": "0506/123001", "correlationVector":"RjRM15wk7S/C7ba2M8WL3/.2","action":"GetUpdates Response", "result":"Success", "context":Received 0 update(s). cV=RjRM15wk7S/C7ba2M8WL3/.0;server=akswtt000000000;cloudType=Consumer;environment=Prod_southeastasia_prod-s01-064-apac-southeastasia;migrationStage=NotStarted}
{"logTime": "0506/123001", "correlationVector":"z+k55ynoF8/rn+M8KMRfbo","action":"Commit Request", "result":"", "context":Item count: 8
Contributing types: Preferences, Sessions, Device Info, User Consents}
{"logTime": "0506/123004", "correlationVector":"z+k55ynoF8/rn+M8KMRfbo.1","action":"SyncServerConnectionManagerRequest", "result":"SYNC_SERVER_OK", "context":{"environment":"Prod_southeastasia_prod-s01-064-apac-southeastasia", "migrationStage":"NotStarted", "server":"akswtt00000000l"}}
{"logTime": "0506/123004", "correlationVector":"z+k55ynoF8/rn+M8KMRfbo.2","action":"Commit Response", "result":"Success", "context":Result: Success. cV=z+k55ynoF8/rn+M8KMRfbo.0;server=akswtt00000000l;cloudType=Consumer;environment=Prod_southeastasia_prod-s01-064-apac-southeastasia;migrationStage=NotStarted}
{"logTime": "0506/123004", "correlationVector":"YDO37d67ge7JWS7CmnVFEr","action":"Normal GetUpdate request", "result":"", "context":cV=YDO37d67ge7JWS7CmnVFEr
Nudged types: Preferences, Sessions, Device Info, History}
{"logTime": "0506/123004", "correlationVector":"YDO37d67ge7JWS7CmnVFEr.1","action":"SyncServerConnectionManagerRequest", "result":"SYNC_SERVER_OK", "context":{"environment":"Prod_southeastasia_prod-s01-064-apac-southeastasia", "migrationStage":"NotStarted", "server":"akswtt00000000l"}}
{"logTime": "0506/123004", "correlationVector":"YDO37d67ge7JWS7CmnVFEr.2","action":"ProcessGetUpdates", "result":"Done", "context":{"dataType":"Preferences", "deleted":"0", "process_failed_to_decrypt":"0", "process_pending_decryption":"0", "process_success":"4", "total":"4"}}
{"logTime": "0506/123004", "correlationVector":"YDO37d67ge7JWS7CmnVFEr.3","action":"ProcessGetUpdates", "result":"Done", "context":{"dataType":"Sessions", "deleted":"0", "process_failed_to_decrypt":"0", "process_pending_decryption":"0", "process_success":"2", "total":"2"}}
{"logTime": "0506/123004", "correlationVector":"YDO37d67ge7JWS7CmnVFEr.4","action":"ProcessGetUpdates", "result":"Done", "context":{"dataType":"Device Info", "deleted":"0", "process_failed_to_decrypt":"0", "process_pending_decryption":"0", "process_success":"1", "total":"1"}}
{"logTime": "0506/123004", "correlationVector":"YDO37d67ge7JWS7CmnVFEr.5","action":"GetUpdates Response", "result":"Success", "context":Received 7 update(s). cV=YDO37d67ge7JWS7CmnVFEr.0;server=akswtt00000000l;cloudType=Consumer;environment=Prod_southeastasia_prod-s01-064-apac-southeastasia;migrationStage=NotStarted}
{"logTime": "0506/123004", "correlationVector":"PNrdwJAlj67QaqAUheWt0O","action":"Commit Request", "result":"", "context":Item count: 2
Contributing types: Sessions, History}
{"logTime": "0506/123006", "correlationVector":"PNrdwJAlj67QaqAUheWt0O.1","action":"SyncServerConnectionManagerRequest", "result":"SYNC_SERVER_OK", "context":{"environment":"Prod_southeastasia_prod-s01-064-apac-southeastasia", "migrationStage":"NotStarted", "server":"akswtt00000000j"}}
{"logTime": "0506/123006", "correlationVector":"PNrdwJAlj67QaqAUheWt0O.2","action":"Commit Response", "result":"Success", "context":Result: Success. cV=PNrdwJAlj67QaqAUheWt0O.0;server=akswtt00000000j;cloudType=Consumer;environment=Prod_southeastasia_prod-s01-064-apac-southeastasia;migrationStage=NotStarted}
{"logTime": "0506/123024", "correlationVector":"kPiXQs+C2P3hyWSaUBBIPT","action":"Normal GetUpdate request", "result":"", "context":cV=kPiXQs+C2P3hyWSaUBBIPT
Nudged types: Preferences, Sessions, History}
{"logTime": "0506/123024", "correlationVector":"kPiXQs+C2P3hyWSaUBBIPT.1","action":"SyncServerConnectionManagerRequest", "result":"SYNC_SERVER_OK", "context":{"environment":"Prod_southeastasia_prod-s01-064-apac-southeastasia", "migrationStage":"NotStarted", "server":"akswtt000000004"}}
{"logTime": "0506/123024", "correlationVector":"kPiXQs+C2P3hyWSaUBBIPT.2","action":"ProcessGetUpdates", "result":"Done", "context":{"dataType":"Sessions", "deleted":"0", "process_failed_to_decrypt":"0", "process_pending_decryption":"0", "process_success":"1", "total":"1"}}
{"logTime": "0506/123024", "correlationVector":"kPiXQs+C2P3hyWSaUBBIPT.3","action":"ProcessGetUpdates", "result":"Done", "context":{"dataType":"History", "deleted":"0", "process_failed_to_decrypt":"0", "process_pending_decryption":"0", "process_success":"1", "total":"1"}}
{"logTime": "0506/123024", "correlationVector":"kPiXQs+C2P3hyWSaUBBIPT.4","action":"GetUpdates Response", "result":"Success", "context":Received 2 update(s). cV=kPiXQs+C2P3hyWSaUBBIPT.0;server=akswtt000000004;cloudType=Consumer;environment=Prod_southeastasia_prod-s01-064-apac-southeastasia;migrationStage=NotStarted}
{"logTime": "0506/123024", "correlationVector":"0s8+EWTaBIaCk/xrthSkhL","action":"Commit Request", "result":"", "context":Item count: 1
Contributing types: Preferences}
{"logTime": "0506/123025", "correlationVector":"0s8+EWTaBIaCk/xrthSkhL.1","action":"SyncServerConnectionManagerRequest", "result":"SYNC_SERVER_OK", "context":{"environment":"Prod_southeastasia_prod-s01-064-apac-southeastasia", "migrationStage":"NotStarted", "server":"akswtt00000000j"}}
{"logTime": "0506/123025", "correlationVector":"0s8+EWTaBIaCk/xrthSkhL.2","action":"Commit Response", "result":"Success", "context":Result: Success. cV=0s8+EWTaBIaCk/xrthSkhL.0;server=akswtt00000000j;cloudType=Consumer;environment=Prod_southeastasia_prod-s01-064-apac-southeastasia;migrationStage=NotStarted}
{"logTime": "0506/123027", "correlationVector":"Pj6ssiVP1ZLWsqKWQDZ0Et","action":"Normal GetUpdate request", "result":"", "context":cV=Pj6ssiVP1ZLWsqKWQDZ0Et
Nudged types: Preferences}
{"logTime": "0506/123028", "correlationVector":"Pj6ssiVP1ZLWsqKWQDZ0Et.1","action":"SyncServerConnectionManagerRequest", "result":"SYNC_SERVER_OK", "context":{"environment":"Prod_southeastasia_prod-s01-064-apac-southeastasia", "migrationStage":"NotStarted", "server":"akswtt00000000b"}}
{"logTime": "0506/123028", "correlationVector":"Pj6ssiVP1ZLWsqKWQDZ0Et.2","action":"ProcessGetUpdates", "result":"Done", "context":{"dataType":"Preferences", "deleted":"0", "process_failed_to_decrypt":"0", "process_pending_decryption":"0", "process_success":"1", "total":"1"}}
{"logTime": "0506/123028", "correlationVector":"Pj6ssiVP1ZLWsqKWQDZ0Et.3","action":"GetUpdates Response", "result":"Success", "context":Received 1 update(s). cV=Pj6ssiVP1ZLWsqKWQDZ0Et.0;server=akswtt00000000b;cloudType=Consumer;environment=Prod_southeastasia_prod-s01-064-apac-southeastasia;migrationStage=NotStarted}
{"logTime": "0506/123028", "correlationVector":"ehUUxPwO3jBVcQw3QxJ2Ig","action":"DoCompareDataConsistency requsted types: ", "result":"Bookmarks, Preferences, Passwords, Extensions, Extension settings, History Delete Directives, Send Tab To Self, Web Apps, History, Saved Tab Group, WebAuthn Credentials, Collection, Edge E Drop, Edge Wallet, Edge Workspace, Encryption Keys"}
{"logTime": "0506/123028", "correlationVector":"ehUUxPwO3jBVcQw3QxJ2Ig.0","action":"CompareDataConsistency result: ", "result":"Compare result: Encryption Keys is consistent. local entities count is: 1 local entities hash is: 1HEfl66CR46A28j5E0JKEtS0jV4="}
{"logTime": "0506/123028", "correlationVector":"ehUUxPwO3jBVcQw3QxJ2Ig.1","action":"CompareDataConsistency result: ", "result":"Compare result: Bookmarks is consistent. local entities count is: 2 local entities hash is: pBb/VHesGKrcYm8abKuI6RGrrqU="}
{"logTime": "0506/123028", "correlationVector":"ehUUxPwO3jBVcQw3QxJ2Ig.2","action":"CompareDataConsistency result: ", "result":"Compare result: Preferences is consistent. local entities count is: 43 local entities hash is: XRqiomJbeC1CR37oW9qYrURy5q8="}
{"logTime": "0506/123028", "correlationVector":"ehUUxPwO3jBVcQw3QxJ2Ig.3","action":"CompareDataConsistency result: ", "result":"Compare result: Extensions is consistent. local entities count is: 0 local entities hash is: "}
{"logTime": "0506/123028", "correlationVector":"ehUUxPwO3jBVcQw3QxJ2Ig.4","action":"CompareDataConsistency result: ", "result":"Compare result: Extension settings is consistent. local entities count is: 0 local entities hash is: "}
{"logTime": "0506/123028", "correlationVector":"ehUUxPwO3jBVcQw3QxJ2Ig.5","action":"CompareDataConsistency result: ", "result":"Compare result: History Delete Directives is consistent. local entities count is: 0 local entities hash is: "}
{"logTime": "0506/123028", "correlationVector":"ehUUxPwO3jBVcQw3QxJ2Ig.6","action":"CompareDataConsistency result: ", "result":"Server did not send this Send Tab To Self local entities count is: 0 local entities hash is: "}
{"logTime": "0506/123028", "correlationVector":"ehUUxPwO3jBVcQw3QxJ2Ig.7","action":"CompareDataConsistency result: ", "result":"Compare result: Web Apps is consistent. local entities count is: 0 local entities hash is: "}
{"logTime": "0506/123028", "correlationVector":"ehUUxPwO3jBVcQw3QxJ2Ig.8","action":"CompareDataConsistency result: ", "result":"Server did not send this History local entities count is: 0 local entities hash is: "}
{"logTime": "0506/123028", "correlationVector":"ehUUxPwO3jBVcQw3QxJ2Ig.9","action":"CompareDataConsistency result: ", "result":"Compare result: Saved Tab Group is consistent. local entities count is: 0 local entities hash is: "}
{"logTime": "0506/123028", "correlationVector":"ehUUxPwO3jBVcQw3QxJ2Ig.10","action":"CompareDataConsistency result: ", "result":"Server did not send this WebAuthn Credentials local entities count is: 0 local entities hash is: "}
{"logTime": "0506/123028", "correlationVector":"ehUUxPwO3jBVcQw3QxJ2Ig.11","action":"CompareDataConsistency result: ", "result":"Compare result: Collection is consistent. local entities count is: 0 local entities hash is: "}
{"logTime": "0506/123028", "correlationVector":"ehUUxPwO3jBVcQw3QxJ2Ig.12","action":"CompareDataConsistency result: ", "result":"Compare result: Edge E Drop is consistent. local entities count is: 0 local entities hash is: "}
{"logTime": "0506/123028", "correlationVector":"ehUUxPwO3jBVcQw3QxJ2Ig.13","action":"CompareDataConsistency result: ", "result":"Compare result: Edge Wallet is consistent. local entities count is: 0 local entities hash is: "}
{"logTime": "0506/123028", "correlationVector":"ehUUxPwO3jBVcQw3QxJ2Ig.14","action":"CompareDataConsistency result: ", "result":"Server did not send this Edge Workspace local entities count is: 0 local entities hash is: "}
{"logTime": "0506/123028", "correlationVector":"ehUUxPwO3jBVcQw3QxJ2Ig.15","action":"CompareDataConsistency result: ", "result":"Compare result: Passwords is consistent. local entities count is: 0 local entities hash is: "}
{"logTime": "0506/123028", "correlationVector":"","action":"DIAGNOSTIC_REQUEST|v1/diagnosticData/Diagnostic.SendCheckResult()|SUCCESS", "result":""}
{"logTime": "0506/123032", "correlationVector":"XBX8P/vucPu09azbG6rJm5","action":"Normal GetUpdate request", "result":"", "context":cV=XBX8P/vucPu09azbG6rJm5
Nudged types: Device Info}
{"logTime": "0506/123033", "correlationVector":"XBX8P/vucPu09azbG6rJm5.1","action":"SyncServerConnectionManagerRequest", "result":"SYNC_SERVER_OK", "context":{"environment":"Prod_southeastasia_prod-s01-064-apac-southeastasia", "migrationStage":"NotStarted", "server":"akswtt000000007"}}
{"logTime": "0506/123033", "correlationVector":"XBX8P/vucPu09azbG6rJm5.2","action":"GetUpdates Response", "result":"Success", "context":Received 0 update(s). cV=XBX8P/vucPu09azbG6rJm5.0;server=akswtt000000007;cloudType=Consumer;environment=Prod_southeastasia_prod-s01-064-apac-southeastasia;migrationStage=NotStarted}
{"logTime": "0506/123033", "correlationVector":"KS9F3UioY1asFCyEovMmou","action":"Commit Request", "result":"", "context":Item count: 1
Contributing types: Device Info}
{"logTime": "0506/123034", "correlationVector":"KS9F3UioY1asFCyEovMmou.1","action":"SyncServerConnectionManagerRequest", "result":"SYNC_SERVER_OK", "context":{"environment":"Prod_southeastasia_prod-s01-064-apac-southeastasia", "migrationStage":"NotStarted", "server":"akswtt00000000u"}}
{"logTime": "0506/123034", "correlationVector":"KS9F3UioY1asFCyEovMmou.2","action":"Commit Response", "result":"Success", "context":Result: Success. cV=KS9F3UioY1asFCyEovMmou.0;server=akswtt00000000u;cloudType=Consumer;environment=Prod_southeastasia_prod-s01-064-apac-southeastasia;migrationStage=NotStarted}
{"logTime": "0506/123312", "correlationVector":"vOOz4kSHkAL/LfNHN9lzIF.1","action":"SyncServerConnectionManagerRequest", "result":"SYNC_SERVER_OK", "context":{"environment":"Prod_southeastasia_prod-s01-064-apac-southeastasia", "migrationStage":"NotStarted", "server":"akswtt000000007"}}
{"logTime": "0506/123312", "correlationVector":"vOOz4kSHkAL/LfNHN9lzIF.2","action":"ProcessGetUpdates", "result":"Done", "context":{"dataType":"Encryption Keys", "deleted":"0", "process_failed_to_decrypt":"0", "process_pending_decryption":"0", "process_success":"1", "total":"1"}}
{"logTime": "0506/123313", "correlationVector":"6e9AzzWHDxhdFLHDyLQgDF","action":"SyncServerConnectionManagerRequest", "result":"SYNC_SERVER_OK", "context":{"environment":"", "migrationStage":"", "server":""}}
{"logTime": "0506/123313", "correlationVector":"6e9AzzWHDxhdFLHDyLQgDF.0","action":"EncryptionKeysFetcher.DownloadKeys:", "result":"Success", "context":Key count: 2, Last key timestamp: 2026-01-08T09:46:58Z}
{"logTime": "0506/123313", "correlationVector":"6e9AzzWHDxhdFLHDyLQgDF.1","action":"EncryptionKeysManager::SetEncryptionKeys:", "result":"Success", "context":Key names[2]:[fkpUq56/C6uqvos5LJSGauZuFseXygq9AZQ66w9BO2w3SK5hp0SmIJqngBl5a483AY/PKxDUinDpUxfJoqtX3g==][BAOjnpcIDZ38Ng5ojvHdTrEhO6wxnwESN8ekfHX83PCE0JtDGic4MmQ+mAD8k0DucrFE4r6rZqasfaUCuqnYsA==]}
{"logTime": "0506/123313", "correlationVector":"6e9AzzWHDxhdFLHDyLQgDF.2","action":"EncryptionKeysManager::SetEncryptionKeysWithTimestamps:", "result":"Success", "context":Key timestamps[2]:[2025-04-17T15:59:14Z][2026-01-08T09:46:58Z]}
{"logTime": "0506/123313", "correlationVector":"vOOz4kSHkAL/LfNHN9lzIF","action":"Initial GetUpdates", "result":"", "context":Reason: NEW_CLIENT. cV=vOOz4kSHkAL/LfNHN9lzIF}
{"logTime": "0506/123313", "correlationVector":"vOOz4kSHkAL/LfNHN9lzIF.3","action":"GetUpdates Response", "result":"Success", "context":Received 1 update(s). cV=vOOz4kSHkAL/LfNHN9lzIF.0;server=akswtt000000007;cloudType=Consumer;environment=Prod_southeastasia_prod-s01-064-apac-southeastasia;migrationStage=NotStarted}
{"logTime": "0506/123313", "correlationVector":"rN0T8qVne4AYSdGsyVFTuJ","action":"Normal GetUpdate request", "result":"", "context":cV=rN0T8qVne4AYSdGsyVFTuJ
Nudged types: Sessions, Device Info, History
Refresh requested types: Bookmarks, Preferences, Passwords, Autofill Profiles, Autofill, Extensions, Sessions, Extension settings, History Delete Directives, Device Info, User Consents, Send Tab To Self, Web Apps, History, Saved Tab Group, WebAuthn Credentials, Collection, Edge E Drop, Edge Hub App Usage, Edge Wallet, Edge Workspace, Encryption Keys}
{"logTime": "0506/123313", "correlationVector":"rN0T8qVne4AYSdGsyVFTuJ.1","action":"SyncServerConnectionManagerRequest", "result":"SYNC_SERVER_OK", "context":{"environment":"Prod_southeastasia_prod-s01-064-apac-southeastasia", "migrationStage":"NotStarted", "server":"akswtt00000000q"}}
{"logTime": "0506/123313", "correlationVector":"rN0T8qVne4AYSdGsyVFTuJ.2","action":"ProcessGetUpdates", "result":"Done", "context":{"dataType":"Device Info", "deleted":"0", "process_failed_to_decrypt":"0", "process_pending_decryption":"0", "process_success":"1", "total":"1"}}
{"logTime": "0506/123313", "correlationVector":"rN0T8qVne4AYSdGsyVFTuJ.3","action":"GetUpdates Response", "result":"Success", "context":Received 1 update(s). cV=rN0T8qVne4AYSdGsyVFTuJ.0;server=akswtt00000000q;cloudType=Consumer;environment=Prod_southeastasia_prod-s01-064-apac-southeastasia;migrationStage=NotStarted}
{"logTime": "0506/123313", "correlationVector":"2zEj5xBSDDTyVk7rjW/fyv","action":"Commit Request", "result":"", "context":Item count: 5
Contributing types: Sessions, Device Info, History}
{"logTime": "0506/123315", "correlationVector":"2zEj5xBSDDTyVk7rjW/fyv.1","action":"SyncServerConnectionManagerRequest", "result":"SYNC_SERVER_OK", "context":{"environment":"Prod_southeastasia_prod-s01-064-apac-southeastasia", "migrationStage":"NotStarted", "server":"akswtt00000000p"}}
{"logTime": "0506/123315", "correlationVector":"2zEj5xBSDDTyVk7rjW/fyv.2","action":"Commit Response", "result":"Success", "context":Result: Success. cV=2zEj5xBSDDTyVk7rjW/fyv.0;server=akswtt00000000p;cloudType=Consumer;environment=Prod_southeastasia_prod-s01-064-apac-southeastasia;migrationStage=NotStarted}
{"logTime": "0506/123316", "correlationVector":"XcbKFtLtjQjkPzICc1c05c","action":"Commit Request", "result":"", "context":Item count: 3
Contributing types: Sessions, History, Edge Hub App Usage}
{"logTime": "0506/123317", "correlationVector":"XcbKFtLtjQjkPzICc1c05c.1","action":"SyncServerConnectionManagerRequest", "result":"SYNC_SERVER_OK", "context":{"environment":"Prod_southeastasia_prod-s01-064-apac-southeastasia", "migrationStage":"NotStarted", "server":"akswtt00000000u"}}
{"logTime": "0506/123317", "correlationVector":"XcbKFtLtjQjkPzICc1c05c.2","action":"Commit Response", "result":"Success", "context":Result: Success. cV=XcbKFtLtjQjkPzICc1c05c.0;server=akswtt00000000u;cloudType=Consumer;environment=Prod_southeastasia_prod-s01-064-apac-southeastasia;migrationStage=NotStarted}
{"logTime": "0506/123319", "correlationVector":"oxj+8XpjYFMFBlblR6twir","action":"Commit Request", "result":"", "context":Item count: 4
Contributing types: Preferences, History}
{"logTime": "0506/123321", "correlationVector":"oxj+8XpjYFMFBlblR6twir.1","action":"SyncServerConnectionManagerRequest", "result":"SYNC_SERVER_OK", "context":{"environment":"Prod_southeastasia_prod-s01-064-apac-southeastasia", "migrationStage":"NotStarted", "server":"akswtt000000000"}}
{"logTime": "0506/123321", "correlationVector":"oxj+8XpjYFMFBlblR6twir.2","action":"Commit Response", "result":"Success", "context":Result: Success. cV=oxj+8XpjYFMFBlblR6twir.0;server=akswtt000000000;cloudType=Consumer;environment=Prod_southeastasia_prod-s01-064-apac-southeastasia;migrationStage=NotStarted}
{"logTime": "0506/123459", "correlationVector":"yD+Wugk8iQDR4o6CUuAKFc","action":"Commit Request", "result":"", "context":Item count: 2
Contributing types: Sessions}
{"logTime": "0506/123459", "correlationVector":"yD+Wugk8iQDR4o6CUuAKFc.1","action":"SyncServerConnectionManagerRequest", "result":"SYNC_SERVER_OK", "context":{"environment":"Prod_southeastasia_prod-s01-064-apac-southeastasia", "migrationStage":"NotStarted", "server":"akswtt000000001"}}
{"logTime": "0506/123459", "correlationVector":"yD+Wugk8iQDR4o6CUuAKFc.3","action":"Commit.Sessions", "result":"Success", "context":{"id":"301584da-40ab-4851-970d-e3ec2e800b9b", "isDeleted":"true", "size":"0", "version":"1778070797035"}}
{"logTime": "0506/123459", "correlationVector":"yD+Wugk8iQDR4o6CUuAKFc.2","action":"Commit Response", "result":"Success", "context":Result: Success. cV=yD+Wugk8iQDR4o6CUuAKFc.0;server=akswtt000000001;cloudType=Consumer;environment=Prod_southeastasia_prod-s01-064-apac-southeastasia;migrationStage=NotStarted}
{"logTime": "0506/123547", "correlationVector":"sy0f0eD7vko5poxRTuJvBB.1","action":"SyncServerConnectionManagerRequest", "result":"SYNC_SERVER_OK", "context":{"environment":"Prod_southeastasia_prod-s01-065-apac-southeastasia", "migrationStage":"NotStarted", "server":"akswtt00000000t"}}
{"logTime": "0506/123547", "correlationVector":"sy0f0eD7vko5poxRTuJvBB.2","action":"ProcessGetUpdates", "result":"Done", "context":{"dataType":"Encryption Keys", "deleted":"0", "process_failed_to_decrypt":"0", "process_pending_decryption":"0", "process_success":"1", "total":"1"}}
{"logTime": "0506/123548", "correlationVector":"zuvnOpTaN+hGEwJwp5ZfGh","action":"SyncServerConnectionManagerRequest", "result":"SYNC_SERVER_OK", "context":{"environment":"", "migrationStage":"", "server":""}}
{"logTime": "0506/123548", "correlationVector":"zuvnOpTaN+hGEwJwp5ZfGh.0","action":"EncryptionKeysFetcher.DownloadKeys:", "result":"Success", "context":Key count: 2, Last key timestamp: 2026-01-08T09:46:58Z}
{"logTime": "0506/123548", "correlationVector":"zuvnOpTaN+hGEwJwp5ZfGh.1","action":"EncryptionKeysManager::SetEncryptionKeys:", "result":"Success", "context":Key names[2]:[fkpUq56/C6uqvos5LJSGauZuFseXygq9AZQ66w9BO2w3SK5hp0SmIJqngBl5a483AY/PKxDUinDpUxfJoqtX3g==][BAOjnpcIDZ38Ng5ojvHdTrEhO6wxnwESN8ekfHX83PCE0JtDGic4MmQ+mAD8k0DucrFE4r6rZqasfaUCuqnYsA==]}
{"logTime": "0506/123548", "correlationVector":"zuvnOpTaN+hGEwJwp5ZfGh.2","action":"EncryptionKeysManager::SetEncryptionKeysWithTimestamps:", "result":"Success", "context":Key timestamps[2]:[2025-04-17T15:59:14Z][2026-01-08T09:46:58Z]}
{"logTime": "0506/123548", "correlationVector":"sy0f0eD7vko5poxRTuJvBB","action":"Initial GetUpdates", "result":"", "context":Reason: NEW_CLIENT. cV=sy0f0eD7vko5poxRTuJvBB}
{"logTime": "0506/123548", "correlationVector":"sy0f0eD7vko5poxRTuJvBB.3","action":"GetUpdates Response", "result":"Success", "context":Received 1 update(s). cV=sy0f0eD7vko5poxRTuJvBB.0;server=akswtt00000000t;cloudType=Consumer;environment=Prod_southeastasia_prod-s01-065-apac-southeastasia;migrationStage=NotStarted}
{"logTime": "0506/123548", "correlationVector":"hcaj1XV8FaFt5sK38oGJNF","action":"Initial GetUpdates", "result":"", "context":Reason: NEWLY_SUPPORTED_DATATYPE. cV=hcaj1XV8FaFt5sK38oGJNF}
{"logTime": "0506/123549", "correlationVector":"hcaj1XV8FaFt5sK38oGJNF.1","action":"SyncServerConnectionManagerRequest", "result":"SYNC_SERVER_OK", "context":{"environment":"Prod_southeastasia_prod-s01-065-apac-southeastasia", "migrationStage":"NotStarted", "server":"akswtt00000000p"}}
{"logTime": "0506/123549", "correlationVector":"hcaj1XV8FaFt5sK38oGJNF.2","action":"ProcessGetUpdates", "result":"Done", "context":{"dataType":"Preferences", "deleted":"0", "process_failed_to_decrypt":"0", "process_pending_decryption":"0", "process_success":"43", "total":"43"}}
{"logTime": "0506/123549", "correlationVector":"hcaj1XV8FaFt5sK38oGJNF.3","action":"ProcessGetUpdates", "result":"Done", "context":{"dataType":"Device Info", "deleted":"0", "process_failed_to_decrypt":"0", "process_pending_decryption":"0", "process_success":"5", "total":"5"}}
{"logTime": "0506/123549", "correlationVector":"hcaj1XV8FaFt5sK38oGJNF.4","action":"GetUpdates Response", "result":"Success", "context":Received 48 update(s). cV=hcaj1XV8FaFt5sK38oGJNF.0;server=akswtt00000000p;cloudType=Consumer;environment=Prod_southeastasia_prod-s01-065-apac-southeastasia;migrationStage=NotStarted}
{"logTime": "0506/123549", "correlationVector":"EhbIk9dBz2pe3EO4p+P0H2","action":"Initial GetUpdates", "result":"", "context":Reason: NEWLY_SUPPORTED_DATATYPE. cV=EhbIk9dBz2pe3EO4p+P0H2}
{"logTime": "0506/123550", "correlationVector":"EhbIk9dBz2pe3EO4p+P0H2.1","action":"SyncServerConnectionManagerRequest", "result":"SYNC_SERVER_OK", "context":{"environment":"Prod_southeastasia_prod-s01-065-apac-southeastasia", "migrationStage":"NotStarted", "server":"akswtt00000000c"}}
{"logTime": "0506/123550", "correlationVector":"EhbIk9dBz2pe3EO4p+P0H2.2","action":"ProcessGetUpdates", "result":"Done", "context":{"dataType":"Bookmarks", "deleted":"0", "process_failed_to_decrypt":"0", "process_pending_decryption":"0", "process_success":"8", "total":"8"}}
{"logTime": "0506/123550", "correlationVector":"EhbIk9dBz2pe3EO4p+P0H2.3","action":"GetUpdates Response", "result":"Success", "context":Received 8 update(s). cV=EhbIk9dBz2pe3EO4p+P0H2.0;server=akswtt00000000c;cloudType=Consumer;environment=Prod_southeastasia_prod-s01-065-apac-southeastasia;migrationStage=NotStarted}
{"logTime": "0506/123550", "correlationVector":"npYRwuiQlt1/Dg0/rsNSkk","action":"Initial GetUpdates", "result":"", "context":Reason: NEWLY_SUPPORTED_DATATYPE. cV=npYRwuiQlt1/Dg0/rsNSkk}
{"logTime": "0506/123550", "correlationVector":"npYRwuiQlt1/Dg0/rsNSkk.1","action":"SyncServerConnectionManagerRequest", "result":"SYNC_SERVER_OK", "context":{"environment":"Prod_southeastasia_prod-s01-065-apac-southeastasia", "migrationStage":"NotStarted", "server":"akswtt000000000"}}
{"logTime": "0506/123550", "correlationVector":"npYRwuiQlt1/Dg0/rsNSkk.2","action":"ProcessGetUpdates", "result":"Done", "context":{"dataType":"Autofill Profiles", "deleted":"0", "process_failed_to_decrypt":"0", "process_pending_decryption":"0", "process_success":"1", "total":"1"}}
{"logTime": "0506/123550", "correlationVector":"npYRwuiQlt1/Dg0/rsNSkk.3","action":"ProcessGetUpdates", "result":"Done", "context":{"dataType":"Autofill", "deleted":"0", "process_failed_to_decrypt":"0", "process_pending_decryption":"0", "process_success":"2", "total":"2"}}
{"logTime": "0506/123550", "correlationVector":"npYRwuiQlt1/Dg0/rsNSkk.4","action":"ProcessGetUpdates", "result":"Done", "context":{"dataType":"Sessions", "deleted":"3", "process_failed_to_decrypt":"0", "process_pending_decryption":"0", "process_success":"5", "total":"5"}}
{"logTime": "0506/123550", "correlationVector":"npYRwuiQlt1/Dg0/rsNSkk.5","action":"ProcessGetUpdates", "result":"Done", "context":{"dataType":"Edge Hub App Usage", "deleted":"0", "process_failed_to_decrypt":"0", "process_pending_decryption":"0", "process_success":"2", "total":"2"}}
{"logTime": "0506/123550", "correlationVector":"npYRwuiQlt1/Dg0/rsNSkk.6","action":"GetUpdates Response", "result":"Success", "context":Received 10 update(s). cV=npYRwuiQlt1/Dg0/rsNSkk.0;server=akswtt000000000;cloudType=Consumer;environment=Prod_southeastasia_prod-s01-065-apac-southeastasia;migrationStage=NotStarted}
{"logTime": "0506/123550", "correlationVector":"w3K7UKiPr3mHCFr3kBFp3k","action":"Initial GetUpdates", "result":"", "context":Reason: NEWLY_SUPPORTED_DATATYPE. cV=w3K7UKiPr3mHCFr3kBFp3k}
{"logTime": "0506/123551", "correlationVector":"w3K7UKiPr3mHCFr3kBFp3k.1","action":"SyncServerConnectionManagerRequest", "result":"SYNC_SERVER_OK", "context":{"environment":"Prod_southeastasia_prod-s01-065-apac-southeastasia", "migrationStage":"NotStarted", "server":"akswtt00000001a"}}
{"logTime": "0506/123551", "correlationVector":"w3K7UKiPr3mHCFr3kBFp3k.2","action":"ProcessGetUpdates", "result":"Done", "context":{"dataType":"History", "deleted":"0", "process_failed_to_decrypt":"0", "process_pending_decryption":"0", "process_success":"2", "total":"2"}}
{"logTime": "0506/123551", "correlationVector":"w3K7UKiPr3mHCFr3kBFp3k.3","action":"GetUpdates Response", "result":"Success", "context":Received 2 update(s). cV=w3K7UKiPr3mHCFr3kBFp3k.0;server=akswtt00000001a;cloudType=Consumer;environment=Prod_southeastasia_prod-s01-065-apac-southeastasia;migrationStage=NotStarted}
{"logTime": "0506/123551", "correlationVector":"WfmAf7wgq20QSN1CHSZgOL","action":"Normal GetUpdate request", "result":"", "context":cV=WfmAf7wgq20QSN1CHSZgOL
Nudged types: Sessions, Device Info
Refresh requested types: Bookmarks, Preferences, Passwords, Autofill Profiles, Autofill, Extensions, Sessions, Extension settings, History Delete Directives, Device Info, User Consents, Send Tab To Self, Web Apps, History, Saved Tab Group, WebAuthn Credentials, Collection, Edge E Drop, Edge Hub App Usage, Edge Wallet, Edge Workspace, Encryption Keys}
{"logTime": "0506/123552", "correlationVector":"WfmAf7wgq20QSN1CHSZgOL.1","action":"SyncServerConnectionManagerRequest", "result":"SYNC_SERVER_OK", "context":{"environment":"Prod_southeastasia_prod-s01-065-apac-southeastasia", "migrationStage":"NotStarted", "server":"akswtt00000000o"}}
{"logTime": "0506/123552", "correlationVector":"WfmAf7wgq20QSN1CHSZgOL.2","action":"GetUpdates Response", "result":"Success", "context":Received 0 update(s). cV=WfmAf7wgq20QSN1CHSZgOL.0;server=akswtt00000000o;cloudType=Consumer;environment=Prod_southeastasia_prod-s01-065-apac-southeastasia;migrationStage=NotStarted}
{"logTime": "0506/123552", "correlationVector":"w2p+9nGKWvOnCIR0EZP1eS","action":"Commit Request", "result":"", "context":Item count: 3
Contributing types: Sessions, Device Info}
{"logTime": "0506/123553", "correlationVector":"w2p+9nGKWvOnCIR0EZP1eS.1","action":"SyncServerConnectionManagerRequest", "result":"SYNC_SERVER_OK", "context":{"environment":"Prod_southeastasia_prod-s01-065-apac-southeastasia", "migrationStage":"NotStarted", "server":"akswtt00000000d"}}
{"logTime": "0506/123553", "correlationVector":"w2p+9nGKWvOnCIR0EZP1eS.2","action":"Commit Response", "result":"Success", "context":Result: Success. cV=w2p+9nGKWvOnCIR0EZP1eS.0;server=akswtt00000000d;cloudType=Consumer;environment=Prod_southeastasia_prod-s01-065-apac-southeastasia;migrationStage=NotStarted}
{"logTime": "0506/123554", "correlationVector":"ctYQBksScXh7shZszagGBf","action":"Commit Request", "result":"", "context":Item count: 2
Contributing types: Sessions, History}
{"logTime": "0506/123554", "correlationVector":"ctYQBksScXh7shZszagGBf.1","action":"SyncServerConnectionManagerRequest", "result":"SYNC_SERVER_OK", "context":{"environment":"Prod_southeastasia_prod-s01-065-apac-southeastasia", "migrationStage":"NotStarted", "server":"akswtt000000000"}}
{"logTime": "0506/123554", "correlationVector":"ctYQBksScXh7shZszagGBf.2","action":"Commit Response", "result":"Success", "context":Result: Success. cV=ctYQBksScXh7shZszagGBf.0;server=akswtt000000000;cloudType=Consumer;environment=Prod_southeastasia_prod-s01-065-apac-southeastasia;migrationStage=NotStarted}
{"logTime": "0506/124800", "correlationVector":"Hd34NaKpGEZVfofICoQYiF.1","action":"SyncServerConnectionManagerRequest", "result":"SYNC_SERVER_OK", "context":{"environment":"Prod_southeastasia_prod-s01-065-apac-southeastasia", "migrationStage":"NotStarted", "server":"akswtt00000000a"}}
{"logTime": "0506/124800", "correlationVector":"Hd34NaKpGEZVfofICoQYiF.2","action":"ProcessGetUpdates", "result":"Done", "context":{"dataType":"Encryption Keys", "deleted":"0", "process_failed_to_decrypt":"0", "process_pending_decryption":"0", "process_success":"1", "total":"1"}}
{"logTime": "0506/124801", "correlationVector":"+3mt8WL+x2+jV8ngOm1cQZ","action":"SyncServerConnectionManagerRequest", "result":"SYNC_SERVER_OK", "context":{"environment":"", "migrationStage":"", "server":""}}
{"logTime": "0506/124801", "correlationVector":"+3mt8WL+x2+jV8ngOm1cQZ.0","action":"EncryptionKeysFetcher.DownloadKeys:", "result":"Success", "context":Key count: 2, Last key timestamp: 2026-01-08T09:46:58Z}
{"logTime": "0506/124801", "correlationVector":"+3mt8WL+x2+jV8ngOm1cQZ.1","action":"EncryptionKeysManager::SetEncryptionKeys:", "result":"Success", "context":Key names[2]:[fkpUq56/C6uqvos5LJSGauZuFseXygq9AZQ66w9BO2w3SK5hp0SmIJqngBl5a483AY/PKxDUinDpUxfJoqtX3g==][BAOjnpcIDZ38Ng5ojvHdTrEhO6wxnwESN8ekfHX83PCE0JtDGic4MmQ+mAD8k0DucrFE4r6rZqasfaUCuqnYsA==]}
{"logTime": "0506/124801", "correlationVector":"+3mt8WL+x2+jV8ngOm1cQZ.2","action":"EncryptionKeysManager::SetEncryptionKeysWithTimestamps:", "result":"Success", "context":Key timestamps[2]:[2025-04-17T15:59:14Z][2026-01-08T09:46:58Z]}
{"logTime": "0506/124801", "correlationVector":"Hd34NaKpGEZVfofICoQYiF","action":"Initial GetUpdates", "result":"", "context":Reason: NEW_CLIENT. cV=Hd34NaKpGEZVfofICoQYiF}
{"logTime": "0506/124801", "correlationVector":"Hd34NaKpGEZVfofICoQYiF.3","action":"GetUpdates Response", "result":"Success", "context":Received 1 update(s). cV=Hd34NaKpGEZVfofICoQYiF.0;server=akswtt00000000a;cloudType=Consumer;environment=Prod_southeastasia_prod-s01-065-apac-southeastasia;migrationStage=NotStarted}
{"logTime": "0506/124801", "correlationVector":"PTwrDPw1pPp8qc2pKAzPNU","action":"Normal GetUpdate request", "result":"", "context":cV=PTwrDPw1pPp8qc2pKAzPNU
Nudged types: Sessions, Device Info, History
Refresh requested types: Bookmarks, Preferences, Passwords, Autofill Profiles, Autofill, Extensions, Sessions, Extension settings, History Delete Directives, Device Info, User Consents, Send Tab To Self, Web Apps, History, Saved Tab Group, WebAuthn Credentials, Collection, Edge E Drop, Edge Hub App Usage, Edge Wallet, Edge Workspace, Encryption Keys}
{"logTime": "0506/124802", "correlationVector":"PTwrDPw1pPp8qc2pKAzPNU.1","action":"SyncServerConnectionManagerRequest", "result":"SYNC_SERVER_OK", "context":{"environment":"Prod_southeastasia_prod-s01-065-apac-southeastasia", "migrationStage":"NotStarted", "server":"akswtt00000000e"}}
{"logTime": "0506/124802", "correlationVector":"PTwrDPw1pPp8qc2pKAzPNU.2","action":"ProcessGetUpdates", "result":"Done", "context":{"dataType":"Sessions", "deleted":"0", "process_failed_to_decrypt":"0", "process_pending_decryption":"0", "process_success":"2", "total":"2"}}
{"logTime": "0506/124802", "correlationVector":"PTwrDPw1pPp8qc2pKAzPNU.3","action":"ProcessGetUpdates", "result":"Done", "context":{"dataType":"Device Info", "deleted":"0", "process_failed_to_decrypt":"0", "process_pending_decryption":"0", "process_success":"1", "total":"1"}}
{"logTime": "0506/124802", "correlationVector":"PTwrDPw1pPp8qc2pKAzPNU.4","action":"ProcessGetUpdates", "result":"Done", "context":{"dataType":"History", "deleted":"0", "process_failed_to_decrypt":"0", "process_pending_decryption":"0", "process_success":"1", "total":"1"}}
{"logTime": "0506/124802", "correlationVector":"PTwrDPw1pPp8qc2pKAzPNU.5","action":"GetUpdates Response", "result":"Success", "context":Received 4 update(s). cV=PTwrDPw1pPp8qc2pKAzPNU.0;server=akswtt00000000e;cloudType=Consumer;environment=Prod_southeastasia_prod-s01-065-apac-southeastasia;migrationStage=NotStarted}
{"logTime": "0506/124802", "correlationVector":"nHot07MlpI0aoWKm81B4om","action":"Commit Request", "result":"", "context":Item count: 5
Contributing types: Sessions, Device Info, History}
{"logTime": "0506/124804", "correlationVector":"nHot07MlpI0aoWKm81B4om.1","action":"SyncServerConnectionManagerRequest", "result":"SYNC_SERVER_OK", "context":{"environment":"Prod_southeastasia_prod-s01-065-apac-southeastasia", "migrationStage":"NotStarted", "server":"akswtt000000007"}}
{"logTime": "0506/124804", "correlationVector":"nHot07MlpI0aoWKm81B4om.3","action":"Commit.Sessions", "result":"Success", "context":{"id":"11300562-4cf0-4c27-8b20-16ba82c48659", "isDeleted":"true", "size":"0", "version":"1778070956821"}}
{"logTime": "0506/124804", "correlationVector":"nHot07MlpI0aoWKm81B4om.2","action":"Commit Response", "result":"Success", "context":Result: Success. cV=nHot07MlpI0aoWKm81B4om.0;server=akswtt000000007;cloudType=Consumer;environment=Prod_southeastasia_prod-s01-065-apac-southeastasia;migrationStage=NotStarted}
{"logTime": "0506/124804", "correlationVector":"/cEJQZdCeENFnHl1EInx4C","action":"Commit Request", "result":"", "context":Item count: 2
Contributing types: Sessions, History}
{"logTime": "0506/124805", "correlationVector":"/cEJQZdCeENFnHl1EInx4C.1","action":"SyncServerConnectionManagerRequest", "result":"SYNC_SERVER_OK", "context":{"environment":"Prod_southeastasia_prod-s01-065-apac-southeastasia", "migrationStage":"NotStarted", "server":"akswtt00000000n"}}
{"logTime": "0506/124805", "correlationVector":"/cEJQZdCeENFnHl1EInx4C.2","action":"Commit Response", "result":"Success", "context":Result: Success. cV=/cEJQZdCeENFnHl1EInx4C.0;server=akswtt00000000n;cloudType=Consumer;environment=Prod_southeastasia_prod-s01-065-apac-southeastasia;migrationStage=NotStarted}
{"logTime": "0506/124907", "correlationVector":"iGYa4vXOfUumO2ptTKddlN","action":"Commit Request", "result":"", "context":Item count: 2
Contributing types: Sessions, History}
{"logTime": "0506/124908", "correlationVector":"iGYa4vXOfUumO2ptTKddlN.1","action":"SyncServerConnectionManagerRequest", "result":"SYNC_SERVER_OK", "context":{"environment":"Prod_southeastasia_prod-s01-065-apac-southeastasia", "migrationStage":"NotStarted", "server":"akswtt000000008"}}
{"logTime": "0506/124908", "correlationVector":"iGYa4vXOfUumO2ptTKddlN.2","action":"Commit Response", "result":"Success", "context":Result: Success. cV=iGYa4vXOfUumO2ptTKddlN.0;server=akswtt000000008;cloudType=Consumer;environment=Prod_southeastasia_prod-s01-065-apac-southeastasia;migrationStage=NotStarted}
