2026-05-06 12:29:52.159: [INFO][Sync] Reset engine, reason: 8
2026-05-06 12:29:52.160: [INFO][Sync] Stopped: Bookmarks
2026-05-06 12:29:52.160: [INFO][Sync] Stopped: Preferences
2026-05-06 12:29:52.160: [INFO][Sync] Stopped: Passwords
2026-05-06 12:29:52.160: [INFO][Sync] Stopped: Autofill Profiles
2026-05-06 12:29:52.160: [INFO][Sync] Stopped: Autofill
2026-05-06 12:29:52.160: [INFO][Sync] Stopped: Extensions
2026-05-06 12:29:52.160: [INFO][Sync] Stopped: Sessions
2026-05-06 12:29:52.160: [INFO][Sync] Stopped: Extension settings
2026-05-06 12:29:52.160: [INFO][Sync] Stopped: History Delete Directives
2026-05-06 12:29:52.160: [INFO][Sync] Stopped: Device Info
2026-05-06 12:29:52.160: [INFO][Sync] Stopped: User Consents
2026-05-06 12:29:52.160: [INFO][Sync] Stopped: Send Tab To Self
2026-05-06 12:29:52.160: [INFO][Sync] Stopped: Web Apps
2026-05-06 12:29:52.160: [INFO][Sync] Stopped: History
2026-05-06 12:29:52.160: [INFO][Sync] Stopped: Saved Tab Group
2026-05-06 12:29:52.160: [INFO][Sync] Stopped: WebAuthn Credentials
2026-05-06 12:29:52.160: [INFO][Sync] Stopped: Collection
2026-05-06 12:29:52.160: [INFO][Sync] Stopped: Edge E Drop
2026-05-06 12:29:52.160: [INFO][Sync] Stopped: Edge Hub App Usage
2026-05-06 12:29:52.160: [INFO][Sync] Stopped: Edge Wallet
2026-05-06 12:29:52.160: [INFO][Sync] Stopped: Edge Workspace
2026-05-06 12:29:52.160: [INFO][Sync] SyncState after authenticated was: NotSignedIn
2026-05-06 12:29:52.386: [INFO][Sync] Reset engine, reason: 8
2026-05-06 12:29:52.386: [INFO][Sync] Stopped: Bookmarks
2026-05-06 12:29:52.386: [INFO][Sync] Stopped: Preferences
2026-05-06 12:29:52.386: [INFO][Sync] Stopped: Passwords
2026-05-06 12:29:52.386: [INFO][Sync] Stopped: Autofill Profiles
2026-05-06 12:29:52.386: [INFO][Sync] Stopped: Autofill
2026-05-06 12:29:52.386: [INFO][Sync] Stopped: Extensions
2026-05-06 12:29:52.386: [INFO][Sync] Stopped: Sessions
2026-05-06 12:29:52.386: [INFO][Sync] Stopped: Extension settings
2026-05-06 12:29:52.386: [INFO][Sync] Stopped: History Delete Directives
2026-05-06 12:29:52.386: [INFO][Sync] Stopped: Device Info
2026-05-06 12:29:52.386: [INFO][Sync] Stopped: User Consents
2026-05-06 12:29:52.386: [INFO][Sync] Stopped: Send Tab To Self
2026-05-06 12:29:52.386: [INFO][Sync] Stopped: Web Apps
2026-05-06 12:29:52.386: [INFO][Sync] Stopped: History
2026-05-06 12:29:52.386: [INFO][Sync] Stopped: Saved Tab Group
2026-05-06 12:29:52.386: [INFO][Sync] Stopped: WebAuthn Credentials
2026-05-06 12:29:52.386: [INFO][Sync] Stopped: Collection
2026-05-06 12:29:52.386: [INFO][Sync] Stopped: Edge E Drop
2026-05-06 12:29:52.386: [INFO][Sync] Stopped: Edge Hub App Usage
2026-05-06 12:29:52.386: [INFO][Sync] Stopped: Edge Wallet
2026-05-06 12:29:52.386: [INFO][Sync] Stopped: Edge Workspace
2026-05-06 12:29:54.772: [INFO][Sync] Try to start sync engine
2026-05-06 12:29:54.773: [INFO][SyncManagerImpl::NudgeForInitialDownload] Initial download nudge for Encryption Keys
2026-05-06 12:29:54.773: [INFO][SyncEngineBackend::LoadAndConnectNigoriController] Load and connect Nigori controller
2026-05-06 12:29:54.773: [INFO][SyncEngineBackend::DoInitialize] Control Types added: Encryption Keys
2026-05-06 12:29:54.773: [INFO][SyncManagerImpl::ConfigureSyncer] Types to download: Encryption Keys with reason: 3
2026-05-06 12:29:54.773: [INFO][SyncSchedulerImpl::DoConfigurationSyncCycleJob] Configure job was blocked
2026-05-06 12:29:56.636: [INFO][SyncAuthManager::SetLastAuthError] Current auth error: None
2026-05-06 12:29:56.637: [INFO][SyncAuthManager::EdgeLogTokenErrorState] Token error with: None for account type: MSA
2026-05-06 12:29:56.637: [INFO][Sync] Credentials changed for: EdgeSyncScopeNew
2026-05-06 12:29:56.687: [INFO][SyncAuthManager::SetLastAuthError] Current auth error: None
2026-05-06 12:29:56.687: [INFO][SyncAuthManager::EdgeLogTokenErrorState] Token error with: None for account type: MSA
2026-05-06 12:29:56.687: [INFO][Sync] Credentials changed for: EdgeSyncKeyDataScope
2026-05-06 12:29:56.687: [INFO][SyncEngineBackend::DoUpdateKeyDataCredentials] Update key data credentials
2026-05-06 12:29:56.687: [INFO][SyncEngineBackend::DoUpdateCredentials] Update credentials
2026-05-06 12:29:56.687: [INFO][SyncSchedulerImpl::DoConfigurationSyncCycleJob] Blocked types:  and types to download: Encryption Keys
2026-05-06 12:29:57.835: [INFO][Sync] Started DataTypeManager configuration, reason: 4
2026-05-06 12:29:57.835: [INFO][Sync] Configuring for: Bookmarks, Preferences, Passwords, Autofill Profiles, Autofill, Extensions, Sessions, Extension settings, History Delete Directives, Device Info, User Consents, Send Tab To Self, Web Apps, History, Saved Tab Group, WebAuthn Credentials, Collection, Edge E Drop, Edge Hub App Usage, Edge Wallet, Edge Workspace, Encryption Keys, reason: 3, current state: 0
2026-05-06 12:29:57.835: [WARN][Sync] Crypto error data types: Passwords, Autofill Profiles, Autofill
2026-05-06 12:29:57.836: [INFO][Sync] Configure, desired: Bookmarks, Preferences, Extensions, Sessions, Extension settings, History Delete Directives, Device Info, User Consents, Send Tab To Self, Web Apps, History, Saved Tab Group, WebAuthn Credentials, Collection, Edge E Drop, Edge Hub App Usage, Edge Wallet, Edge Workspace, Encryption Keys; Allow fail: Passwords, Autofill Profiles, Autofill
2026-05-06 12:29:57.836: [INFO][Sync] Loading: Bookmarks
2026-05-06 12:29:57.836: [INFO][Sync] Loading: Preferences
2026-05-06 12:29:57.836: [INFO][Sync] Loading: Extensions
2026-05-06 12:29:57.836: [INFO][Sync] Loading: Sessions
2026-05-06 12:29:57.836: [INFO][Sync] Loading: Extension settings
2026-05-06 12:29:57.836: [INFO][Sync] Loading: History Delete Directives
2026-05-06 12:29:57.836: [INFO][Sync] Loading: Device Info
2026-05-06 12:29:57.836: [INFO][Sync] Loading: User Consents
2026-05-06 12:29:57.836: [INFO][Sync] Loading: Send Tab To Self
2026-05-06 12:29:57.836: [INFO][Sync] Loading: Web Apps
2026-05-06 12:29:57.836: [INFO][Sync] Loading: History
2026-05-06 12:29:57.836: [INFO][Sync] Loading: Saved Tab Group
2026-05-06 12:29:57.836: [INFO][Sync] Loading: WebAuthn Credentials
2026-05-06 12:29:57.836: [INFO][Sync] Loading: Collection
2026-05-06 12:29:57.836: [INFO][Sync] Loading: Edge E Drop
2026-05-06 12:29:57.836: [INFO][Sync] Loading: Edge Hub App Usage
2026-05-06 12:29:57.836: [INFO][Sync] Loading: Edge Wallet
2026-05-06 12:29:57.836: [INFO][Sync] Loading: Edge Workspace
2026-05-06 12:29:57.841: [INFO][Sync] All data types are ready for configure.
2026-05-06 12:29:58.287: [INFO][SyncEngineBackend::DoStartConfiguration] Start configuration
2026-05-06 12:29:58.287: [INFO][SyncManagerImpl::NudgeForInitialDownload] Initial download nudge for Bookmarks
2026-05-06 12:29:58.287: [INFO][SyncManagerImpl::NudgeForInitialDownload] Initial download nudge for Preferences
2026-05-06 12:29:58.287: [INFO][SyncManagerImpl::NudgeForInitialDownload] Initial download nudge for Extensions
2026-05-06 12:29:58.287: [INFO][SyncManagerImpl::NudgeForInitialDownload] Initial download nudge for Sessions
2026-05-06 12:29:58.287: [INFO][SyncManagerImpl::NudgeForInitialDownload] Initial download nudge for Extension settings
2026-05-06 12:29:58.287: [INFO][SyncManagerImpl::NudgeForInitialDownload] Initial download nudge for History Delete Directives
2026-05-06 12:29:58.287: [INFO][SyncManagerImpl::NudgeForInitialDownload] Initial download nudge for Device Info
2026-05-06 12:29:58.287: [INFO][SyncManagerImpl::NudgeForInitialDownload] Initial download nudge for Send Tab To Self
2026-05-06 12:29:58.287: [INFO][SyncManagerImpl::NudgeForInitialDownload] Initial download nudge for Web Apps
2026-05-06 12:29:58.287: [INFO][SyncManagerImpl::NudgeForInitialDownload] Initial download nudge for History
2026-05-06 12:29:58.287: [INFO][SyncManagerImpl::NudgeForInitialDownload] Initial download nudge for Saved Tab Group
2026-05-06 12:29:58.288: [INFO][SyncManagerImpl::NudgeForInitialDownload] Initial download nudge for WebAuthn Credentials
2026-05-06 12:29:58.288: [INFO][SyncManagerImpl::NudgeForInitialDownload] Initial download nudge for Collection
2026-05-06 12:29:58.288: [INFO][SyncManagerImpl::NudgeForInitialDownload] Initial download nudge for Edge E Drop
2026-05-06 12:29:58.288: [INFO][SyncManagerImpl::NudgeForInitialDownload] Initial download nudge for Edge Hub App Usage
2026-05-06 12:29:58.288: [INFO][SyncManagerImpl::NudgeForInitialDownload] Initial download nudge for Edge Wallet
2026-05-06 12:29:58.288: [INFO][SyncManagerImpl::NudgeForInitialDownload] Initial download nudge for Edge Workspace
2026-05-06 12:29:58.288: [INFO][SyncManagerImpl::ConfigureSyncer] Types to download:  with reason: 3
2026-05-06 12:29:58.288: [INFO][SyncEngineBackend::DoFinishConfigureDataTypes] Failed to download types:  and succeeded types: 
2026-05-06 12:29:58.290: [INFO][Sync] Started DataTypeManager configuration, reason: 5
2026-05-06 12:29:58.290: [INFO][Sync] Configuring for: Bookmarks, Preferences, Passwords, Autofill Profiles, Autofill, Extensions, Sessions, Extension settings, History Delete Directives, Device Info, User Consents, Send Tab To Self, Web Apps, History, Saved Tab Group, WebAuthn Credentials, Collection, Edge E Drop, Edge Hub App Usage, Edge Wallet, Edge Workspace, Encryption Keys, reason: 5, current state: 1
2026-05-06 12:29:58.292: [INFO][Sync] ConfigurationDone, failed: , succeeded: , remaining count: 4
2026-05-06 12:29:58.292: [WARN][Sync]     Reconfigure requested while configuration ongoing.
2026-05-06 12:29:58.292: [INFO][Sync] Configuring for: Bookmarks, Preferences, Passwords, Autofill Profiles, Autofill, Extensions, Sessions, Extension settings, History Delete Directives, Device Info, User Consents, Send Tab To Self, Web Apps, History, Saved Tab Group, WebAuthn Credentials, Collection, Edge E Drop, Edge Hub App Usage, Edge Wallet, Edge Workspace, Encryption Keys, reason: 5, current state: 2
2026-05-06 12:29:58.292: [INFO][Sync] Configure, desired: Bookmarks, Preferences, Passwords, Autofill Profiles, Autofill, Extensions, Sessions, Extension settings, History Delete Directives, Device Info, User Consents, Send Tab To Self, Web Apps, History, Saved Tab Group, WebAuthn Credentials, Collection, Edge E Drop, Edge Hub App Usage, Edge Wallet, Edge Workspace, Encryption Keys; Allow fail: 
2026-05-06 12:29:58.292: [INFO][Sync] Loading: Passwords
2026-05-06 12:29:58.292: [INFO][Sync] Loading: Autofill Profiles
2026-05-06 12:29:58.292: [INFO][Sync] Loading: Autofill
2026-05-06 12:29:58.292: [INFO][Sync] All data types are ready for configure.
2026-05-06 12:29:58.292: [INFO][SyncManagerImpl::NudgeForInitialDownload] Initial download nudge for Passwords
2026-05-06 12:29:58.292: [INFO][SyncManagerImpl::NudgeForInitialDownload] Initial download nudge for Autofill Profiles
2026-05-06 12:29:58.292: [INFO][SyncManagerImpl::NudgeForInitialDownload] Initial download nudge for Autofill
2026-05-06 12:29:58.292: [INFO][SyncManagerImpl::ConfigureSyncer] Types to download:  with reason: 5
2026-05-06 12:29:58.292: [INFO][SyncEngineBackend::DoFinishConfigureDataTypes] Failed to download types:  and succeeded types: 
2026-05-06 12:29:58.293: [INFO][Sync] ConfigurationDone, failed: , succeeded: , remaining count: 4
2026-05-06 12:29:58.293: [INFO][Sync] Prepare to configure types: Preferences, Passwords, Device Info, Send Tab To Self, Edge E Drop, Encryption Keys
2026-05-06 12:29:58.293: [INFO][SyncManagerImpl::ConfigureSyncer] Types to download: Preferences, Passwords, Device Info, Send Tab To Self, Edge E Drop, Encryption Keys with reason: 5
2026-05-06 12:29:58.293: [INFO][SyncSchedulerImpl::DoConfigurationSyncCycleJob] Blocked types:  and types to download: Preferences, Passwords, Device Info, Send Tab To Self, Edge E Drop, Encryption Keys
2026-05-06 12:29:58.881: [INFO][SyncEngineBackend::DoFinishConfigureDataTypes] Failed to download types:  and succeeded types: Preferences, Passwords, Device Info, Send Tab To Self, Edge E Drop, Encryption Keys
2026-05-06 12:29:58.882: [INFO][Sync] ConfigurationDone, failed: , succeeded: Preferences, Passwords, Device Info, Send Tab To Self, Edge E Drop, Encryption Keys, remaining count: 3
2026-05-06 12:29:58.882: [INFO][Sync] Prepare to configure types: Bookmarks, Encryption Keys
2026-05-06 12:29:58.882: [INFO][SyncManagerImpl::ConfigureSyncer] Types to download: Bookmarks, Encryption Keys with reason: 5
2026-05-06 12:29:58.882: [INFO][SyncSchedulerImpl::DoConfigurationSyncCycleJob] Blocked types:  and types to download: Bookmarks, Encryption Keys
2026-05-06 12:29:59.388: [INFO][SyncEngineBackend::DoFinishConfigureDataTypes] Failed to download types:  and succeeded types: Bookmarks, Encryption Keys
2026-05-06 12:29:59.389: [INFO][Sync] ConfigurationDone, failed: , succeeded: Bookmarks, Encryption Keys, remaining count: 2
2026-05-06 12:29:59.389: [INFO][Sync] Prepare to configure types: Autofill Profiles, Autofill, Extensions, Sessions, Extension settings, History Delete Directives, Web Apps, Saved Tab Group, WebAuthn Credentials, Collection, Edge Hub App Usage, Edge Wallet, Edge Workspace, Encryption Keys
2026-05-06 12:29:59.389: [INFO][SyncManagerImpl::ConfigureSyncer] Types to download: Autofill Profiles, Autofill, Extensions, Sessions, Extension settings, History Delete Directives, Web Apps, Saved Tab Group, WebAuthn Credentials, Collection, Edge Hub App Usage, Edge Wallet, Edge Workspace, Encryption Keys with reason: 5
2026-05-06 12:29:59.389: [INFO][SyncSchedulerImpl::DoConfigurationSyncCycleJob] Blocked types:  and types to download: Autofill Profiles, Autofill, Extensions, Sessions, Extension settings, History Delete Directives, Web Apps, Saved Tab Group, WebAuthn Credentials, Collection, Edge Hub App Usage, Edge Wallet, Edge Workspace, Encryption Keys
2026-05-06 12:29:59.899: [INFO][SyncEngineBackend::DoFinishConfigureDataTypes] Failed to download types:  and succeeded types: Autofill Profiles, Autofill, Extensions, Sessions, Extension settings, History Delete Directives, Web Apps, Saved Tab Group, WebAuthn Credentials, Collection, Edge Hub App Usage, Edge Wallet, Edge Workspace, Encryption Keys
2026-05-06 12:29:59.900: [INFO][Sync] ConfigurationDone, failed: , succeeded: Autofill Profiles, Autofill, Extensions, Sessions, Extension settings, History Delete Directives, Web Apps, Saved Tab Group, WebAuthn Credentials, Collection, Edge Hub App Usage, Edge Wallet, Edge Workspace, Encryption Keys, remaining count: 1
2026-05-06 12:29:59.901: [INFO][Sync] Prepare to configure types: History, Encryption Keys
2026-05-06 12:29:59.901: [INFO][SyncManagerImpl::ConfigureSyncer] Types to download: History, Encryption Keys with reason: 5
2026-05-06 12:29:59.901: [INFO][SyncSchedulerImpl::DoConfigurationSyncCycleJob] Blocked types:  and types to download: History, Encryption Keys
2026-05-06 12:30:00.428: [INFO][SyncEngineBackend::DoFinishConfigureDataTypes] Failed to download types:  and succeeded types: History, Encryption Keys
2026-05-06 12:30:00.430: [INFO][Sync] ConfigurationDone, failed: , succeeded: History, Encryption Keys, remaining count: 0
2026-05-06 12:30:00.431: [INFO][Sync]     Configuration completed, state: 7
2026-05-06 12:30:00.431: [INFO][Sync] Configured DataTypeManager: Ok
2026-05-06 12:30:00.433: [INFO][SyncEngineBackend::DoStartSyncing] Start syncing
2026-05-06 12:32:28.542: [INFO][Sync] Reset engine, reason: 0
2026-05-06 12:32:28.542: [INFO][Sync] Reset engine with reason: 0
2026-05-06 12:33:05.333: [INFO][Sync] SyncState after authenticated was: FeatureCanStart
2026-05-06 12:33:05.634: [INFO][SyncAuthManager::SetLastAuthError] Current auth error: None
2026-05-06 12:33:05.634: [INFO][SyncAuthManager::EdgeLogTokenErrorState] Token error with: None for account type: MSA
2026-05-06 12:33:05.634: [INFO][Sync] Credentials changed for: EdgeSyncKeyDataScope
2026-05-06 12:33:11.859: [INFO][Sync] Try to start sync engine
2026-05-06 12:33:11.860: [INFO][SyncManagerImpl::NudgeForInitialDownload] Initial download nudge for Encryption Keys
2026-05-06 12:33:11.860: [INFO][SyncEngineBackend::LoadAndConnectNigoriController] Load and connect Nigori controller
2026-05-06 12:33:11.860: [INFO][SyncEngineBackend::DoInitialize] Control Types added: Encryption Keys
2026-05-06 12:33:11.860: [INFO][SyncManagerImpl::ConfigureSyncer] Types to download: Encryption Keys with reason: 3
2026-05-06 12:33:11.860: [INFO][SyncEngineBackend::DoUpdateKeyDataCredentials] Update key data credentials
2026-05-06 12:33:11.860: [INFO][SyncSchedulerImpl::DoConfigurationSyncCycleJob] Configure job was blocked
2026-05-06 12:33:11.862: [INFO][SyncAuthManager::SetLastAuthError] Current auth error: None
2026-05-06 12:33:11.862: [INFO][SyncAuthManager::EdgeLogTokenErrorState] Token error with: None for account type: MSA
2026-05-06 12:33:11.862: [INFO][Sync] Credentials changed for: EdgeSyncScopeNew
2026-05-06 12:33:11.862: [INFO][SyncEngineBackend::DoUpdateCredentials] Update credentials
2026-05-06 12:33:11.862: [INFO][SyncEngineBackend::DoUpdateKeyDataCredentials] Update key data credentials
2026-05-06 12:33:11.862: [INFO][SyncSchedulerImpl::DoConfigurationSyncCycleJob] Blocked types:  and types to download: Encryption Keys
2026-05-06 12:33:12.368: [INFO][Sync] Started DataTypeManager configuration, reason: 4
2026-05-06 12:33:12.368: [INFO][Sync] Configuring for: Bookmarks, Preferences, Passwords, Autofill Profiles, Autofill, Extensions, Sessions, Extension settings, History Delete Directives, Device Info, User Consents, Send Tab To Self, Web Apps, History, Saved Tab Group, WebAuthn Credentials, Collection, Edge E Drop, Edge Hub App Usage, Edge Wallet, Edge Workspace, Encryption Keys, reason: 4, current state: 0
2026-05-06 12:33:12.368: [WARN][Sync] Crypto error data types: Passwords, Autofill Profiles, Autofill
2026-05-06 12:33:12.369: [INFO][Sync] Configure, desired: Bookmarks, Preferences, Extensions, Sessions, Extension settings, History Delete Directives, Device Info, User Consents, Send Tab To Self, Web Apps, History, Saved Tab Group, WebAuthn Credentials, Collection, Edge E Drop, Edge Hub App Usage, Edge Wallet, Edge Workspace, Encryption Keys; Allow fail: Passwords, Autofill Profiles, Autofill
2026-05-06 12:33:12.369: [INFO][Sync] Loading: Bookmarks
2026-05-06 12:33:12.369: [INFO][Sync] Loading: Preferences
2026-05-06 12:33:12.369: [INFO][Sync] Loading: Extensions
2026-05-06 12:33:12.369: [INFO][Sync] Loading: Sessions
2026-05-06 12:33:12.369: [INFO][Sync] Loading: Extension settings
2026-05-06 12:33:12.369: [INFO][Sync] Loading: History Delete Directives
2026-05-06 12:33:12.370: [INFO][Sync] Loading: Device Info
2026-05-06 12:33:12.370: [INFO][Sync] Loading: User Consents
2026-05-06 12:33:12.370: [INFO][Sync] Loading: Send Tab To Self
2026-05-06 12:33:12.370: [INFO][Sync] Loading: Web Apps
2026-05-06 12:33:12.370: [INFO][Sync] Loading: History
2026-05-06 12:33:12.370: [INFO][Sync] Loading: Saved Tab Group
2026-05-06 12:33:12.370: [INFO][Sync] Loading: WebAuthn Credentials
2026-05-06 12:33:12.370: [INFO][Sync] Loading: Collection
2026-05-06 12:33:12.370: [INFO][Sync] Loading: Edge E Drop
2026-05-06 12:33:12.370: [INFO][Sync] Loading: Edge Hub App Usage
2026-05-06 12:33:12.370: [INFO][Sync] Loading: Edge Wallet
2026-05-06 12:33:12.370: [INFO][Sync] Loading: Edge Workspace
2026-05-06 12:33:12.373: [INFO][Sync] All data types are ready for configure.
2026-05-06 12:33:13.043: [INFO][Sync] Started DataTypeManager configuration, reason: 5
2026-05-06 12:33:13.043: [INFO][Sync] Configuring for: Bookmarks, Preferences, Passwords, Autofill Profiles, Autofill, Extensions, Sessions, Extension settings, History Delete Directives, Device Info, User Consents, Send Tab To Self, Web Apps, History, Saved Tab Group, WebAuthn Credentials, Collection, Edge E Drop, Edge Hub App Usage, Edge Wallet, Edge Workspace, Encryption Keys, reason: 5, current state: 1
2026-05-06 12:33:13.044: [INFO][SyncEngineBackend::DoStartConfiguration] Start configuration
2026-05-06 12:33:13.044: [INFO][SyncManagerImpl::ConfigureSyncer] Types to download:  with reason: 4
2026-05-06 12:33:13.044: [INFO][SyncEngineBackend::DoFinishConfigureDataTypes] Failed to download types:  and succeeded types: 
2026-05-06 12:33:13.046: [INFO][Sync] ConfigurationDone, failed: , succeeded: , remaining count: 4
2026-05-06 12:33:13.046: [WARN][Sync]     Reconfigure requested while configuration ongoing.
2026-05-06 12:33:13.046: [INFO][Sync] Configuring for: Bookmarks, Preferences, Passwords, Autofill Profiles, Autofill, Extensions, Sessions, Extension settings, History Delete Directives, Device Info, User Consents, Send Tab To Self, Web Apps, History, Saved Tab Group, WebAuthn Credentials, Collection, Edge E Drop, Edge Hub App Usage, Edge Wallet, Edge Workspace, Encryption Keys, reason: 5, current state: 2
2026-05-06 12:33:13.046: [INFO][Sync] Configure, desired: Bookmarks, Preferences, Passwords, Autofill Profiles, Autofill, Extensions, Sessions, Extension settings, History Delete Directives, Device Info, User Consents, Send Tab To Self, Web Apps, History, Saved Tab Group, WebAuthn Credentials, Collection, Edge E Drop, Edge Hub App Usage, Edge Wallet, Edge Workspace, Encryption Keys; Allow fail: 
2026-05-06 12:33:13.046: [INFO][Sync] Loading: Passwords
2026-05-06 12:33:13.046: [INFO][Sync] Loading: Autofill Profiles
2026-05-06 12:33:13.046: [INFO][Sync] Loading: Autofill
2026-05-06 12:33:13.046: [INFO][Sync] All data types are ready for configure.
2026-05-06 12:33:13.046: [INFO][SyncManagerImpl::ConfigureSyncer] Types to download:  with reason: 5
2026-05-06 12:33:13.046: [INFO][SyncEngineBackend::DoFinishConfigureDataTypes] Failed to download types:  and succeeded types: 
2026-05-06 12:33:13.046: [INFO][Sync] ConfigurationDone, failed: , succeeded: , remaining count: 4
2026-05-06 12:33:13.046: [INFO][SyncManagerImpl::ConfigureSyncer] Types to download:  with reason: 5
2026-05-06 12:33:13.046: [INFO][SyncEngineBackend::DoFinishConfigureDataTypes] Failed to download types:  and succeeded types: 
2026-05-06 12:33:13.046: [INFO][Sync] ConfigurationDone, failed: , succeeded: , remaining count: 3
2026-05-06 12:33:13.046: [INFO][SyncManagerImpl::ConfigureSyncer] Types to download:  with reason: 5
2026-05-06 12:33:13.046: [INFO][SyncEngineBackend::DoFinishConfigureDataTypes] Failed to download types:  and succeeded types: 
2026-05-06 12:33:13.047: [INFO][Sync] ConfigurationDone, failed: , succeeded: , remaining count: 2
2026-05-06 12:33:13.047: [INFO][SyncManagerImpl::ConfigureSyncer] Types to download:  with reason: 5
2026-05-06 12:33:13.047: [INFO][SyncEngineBackend::DoFinishConfigureDataTypes] Failed to download types:  and succeeded types: 
2026-05-06 12:33:13.047: [INFO][Sync] ConfigurationDone, failed: , succeeded: , remaining count: 1
2026-05-06 12:33:13.048: [INFO][SyncManagerImpl::ConfigureSyncer] Types to download:  with reason: 5
2026-05-06 12:33:13.048: [INFO][SyncEngineBackend::DoFinishConfigureDataTypes] Failed to download types:  and succeeded types: 
2026-05-06 12:33:13.050: [INFO][Sync] ConfigurationDone, failed: , succeeded: , remaining count: 0
2026-05-06 12:33:13.051: [INFO][Sync]     Configuration completed, state: 7
2026-05-06 12:33:13.052: [INFO][Sync] Configured DataTypeManager: Ok
2026-05-06 12:33:13.053: [INFO][SyncEngineBackend::DoStartSyncing] Start syncing
2026-05-06 12:35:02.993: [INFO][Sync] Reset engine, reason: 0
2026-05-06 12:35:02.993: [INFO][Sync] Reset engine with reason: 0
2026-05-06 12:35:43.984: [INFO][Sync] Reset engine, reason: 8
2026-05-06 12:35:43.984: [INFO][Sync] Stopped: Bookmarks
2026-05-06 12:35:43.984: [INFO][Sync] Stopped: Preferences
2026-05-06 12:35:43.984: [INFO][Sync] Stopped: Passwords
2026-05-06 12:35:43.984: [INFO][Sync] Stopped: Autofill Profiles
2026-05-06 12:35:43.984: [INFO][Sync] Stopped: Autofill
2026-05-06 12:35:43.984: [INFO][Sync] Stopped: Extensions
2026-05-06 12:35:43.984: [INFO][Sync] Stopped: Sessions
2026-05-06 12:35:43.984: [INFO][Sync] Stopped: Extension settings
2026-05-06 12:35:43.984: [INFO][Sync] Stopped: History Delete Directives
2026-05-06 12:35:43.984: [INFO][Sync] Stopped: Device Info
2026-05-06 12:35:43.984: [INFO][Sync] Stopped: User Consents
2026-05-06 12:35:43.984: [INFO][Sync] Stopped: Send Tab To Self
2026-05-06 12:35:43.984: [INFO][Sync] Stopped: Web Apps
2026-05-06 12:35:43.984: [INFO][Sync] Stopped: History
2026-05-06 12:35:43.984: [INFO][Sync] Stopped: Saved Tab Group
2026-05-06 12:35:43.984: [INFO][Sync] Stopped: WebAuthn Credentials
2026-05-06 12:35:43.984: [INFO][Sync] Stopped: Collection
2026-05-06 12:35:43.984: [INFO][Sync] Stopped: Edge E Drop
2026-05-06 12:35:43.984: [INFO][Sync] Stopped: Edge Hub App Usage
2026-05-06 12:35:43.984: [INFO][Sync] Stopped: Edge Wallet
2026-05-06 12:35:43.984: [INFO][Sync] Stopped: Edge Workspace
2026-05-06 12:35:43.984: [INFO][Sync] SyncState after authenticated was: NotSignedIn
2026-05-06 12:35:44.159: [INFO][Sync] Reset engine, reason: 8
2026-05-06 12:35:44.159: [INFO][Sync] Stopped: Bookmarks
2026-05-06 12:35:44.159: [INFO][Sync] Stopped: Preferences
2026-05-06 12:35:44.159: [INFO][Sync] Stopped: Passwords
2026-05-06 12:35:44.159: [INFO][Sync] Stopped: Autofill Profiles
2026-05-06 12:35:44.159: [INFO][Sync] Stopped: Autofill
2026-05-06 12:35:44.159: [INFO][Sync] Stopped: Extensions
2026-05-06 12:35:44.159: [INFO][Sync] Stopped: Sessions
2026-05-06 12:35:44.159: [INFO][Sync] Stopped: Extension settings
2026-05-06 12:35:44.159: [INFO][Sync] Stopped: History Delete Directives
2026-05-06 12:35:44.159: [INFO][Sync] Stopped: Device Info
2026-05-06 12:35:44.159: [INFO][Sync] Stopped: User Consents
2026-05-06 12:35:44.159: [INFO][Sync] Stopped: Send Tab To Self
2026-05-06 12:35:44.159: [INFO][Sync] Stopped: Web Apps
2026-05-06 12:35:44.159: [INFO][Sync] Stopped: History
2026-05-06 12:35:44.159: [INFO][Sync] Stopped: Saved Tab Group
2026-05-06 12:35:44.159: [INFO][Sync] Stopped: WebAuthn Credentials
2026-05-06 12:35:44.159: [INFO][Sync] Stopped: Collection
2026-05-06 12:35:44.159: [INFO][Sync] Stopped: Edge E Drop
2026-05-06 12:35:44.159: [INFO][Sync] Stopped: Edge Hub App Usage
2026-05-06 12:35:44.159: [INFO][Sync] Stopped: Edge Wallet
2026-05-06 12:35:44.159: [INFO][Sync] Stopped: Edge Workspace
2026-05-06 12:35:46.129: [INFO][Sync] Try to start sync engine
2026-05-06 12:35:46.130: [INFO][SyncManagerImpl::NudgeForInitialDownload] Initial download nudge for Encryption Keys
2026-05-06 12:35:46.130: [INFO][SyncEngineBackend::LoadAndConnectNigoriController] Load and connect Nigori controller
2026-05-06 12:35:46.130: [INFO][SyncEngineBackend::DoInitialize] Control Types added: Encryption Keys
2026-05-06 12:35:46.130: [INFO][SyncManagerImpl::ConfigureSyncer] Types to download: Encryption Keys with reason: 3
2026-05-06 12:35:46.130: [INFO][SyncSchedulerImpl::DoConfigurationSyncCycleJob] Configure job was blocked
2026-05-06 12:35:46.147: [INFO][SyncAuthManager::SetLastAuthError] Current auth error: None
2026-05-06 12:35:46.147: [INFO][SyncAuthManager::EdgeLogTokenErrorState] Token error with: None for account type: MSA
2026-05-06 12:35:46.147: [INFO][Sync] Credentials changed for: EdgeSyncScopeNew
2026-05-06 12:35:46.947: [INFO][SyncAuthManager::SetLastAuthError] Current auth error: None
2026-05-06 12:35:46.947: [INFO][SyncAuthManager::EdgeLogTokenErrorState] Token error with: None for account type: MSA
2026-05-06 12:35:46.947: [INFO][Sync] Credentials changed for: EdgeSyncKeyDataScope
2026-05-06 12:35:46.947: [INFO][SyncEngineBackend::DoUpdateKeyDataCredentials] Update key data credentials
2026-05-06 12:35:46.947: [INFO][SyncEngineBackend::DoUpdateCredentials] Update credentials
2026-05-06 12:35:46.947: [INFO][SyncSchedulerImpl::DoConfigurationSyncCycleJob] Blocked types:  and types to download: Encryption Keys
2026-05-06 12:35:47.436: [INFO][Sync] Started DataTypeManager configuration, reason: 4
2026-05-06 12:35:47.436: [INFO][Sync] Configuring for: Bookmarks, Preferences, Passwords, Autofill Profiles, Autofill, Extensions, Sessions, Extension settings, History Delete Directives, Device Info, User Consents, Send Tab To Self, Web Apps, History, Saved Tab Group, WebAuthn Credentials, Collection, Edge E Drop, Edge Hub App Usage, Edge Wallet, Edge Workspace, Encryption Keys, reason: 4, current state: 0
2026-05-06 12:35:47.436: [WARN][Sync] Crypto error data types: Passwords, Autofill Profiles, Autofill
2026-05-06 12:35:47.437: [INFO][Sync] Configure, desired: Bookmarks, Preferences, Extensions, Sessions, Extension settings, History Delete Directives, Device Info, User Consents, Send Tab To Self, Web Apps, History, Saved Tab Group, WebAuthn Credentials, Collection, Edge E Drop, Edge Hub App Usage, Edge Wallet, Edge Workspace, Encryption Keys; Allow fail: Passwords, Autofill Profiles, Autofill
2026-05-06 12:35:47.437: [INFO][Sync] Loading: Bookmarks
2026-05-06 12:35:47.437: [INFO][Sync] Loading: Preferences
2026-05-06 12:35:47.437: [INFO][Sync] Loading: Extensions
2026-05-06 12:35:47.437: [INFO][Sync] Loading: Sessions
2026-05-06 12:35:47.437: [INFO][Sync] Loading: Extension settings
2026-05-06 12:35:47.437: [INFO][Sync] Loading: History Delete Directives
2026-05-06 12:35:47.437: [INFO][Sync] Loading: Device Info
2026-05-06 12:35:47.437: [INFO][Sync] Loading: User Consents
2026-05-06 12:35:47.437: [INFO][Sync] Loading: Send Tab To Self
2026-05-06 12:35:47.437: [INFO][Sync] Loading: Web Apps
2026-05-06 12:35:47.437: [INFO][Sync] Loading: History
2026-05-06 12:35:47.437: [INFO][Sync] Loading: Saved Tab Group
2026-05-06 12:35:47.437: [INFO][Sync] Loading: WebAuthn Credentials
2026-05-06 12:35:47.437: [INFO][Sync] Loading: Collection
2026-05-06 12:35:47.437: [INFO][Sync] Loading: Edge E Drop
2026-05-06 12:35:47.437: [INFO][Sync] Loading: Edge Hub App Usage
2026-05-06 12:35:47.437: [INFO][Sync] Loading: Edge Wallet
2026-05-06 12:35:47.437: [INFO][Sync] Loading: Edge Workspace
2026-05-06 12:35:47.442: [INFO][Sync] All data types are ready for configure.
2026-05-06 12:35:48.361: [INFO][Sync] Started DataTypeManager configuration, reason: 5
2026-05-06 12:35:48.361: [INFO][Sync] Configuring for: Bookmarks, Preferences, Passwords, Autofill Profiles, Autofill, Extensions, Sessions, Extension settings, History Delete Directives, Device Info, User Consents, Send Tab To Self, Web Apps, History, Saved Tab Group, WebAuthn Credentials, Collection, Edge E Drop, Edge Hub App Usage, Edge Wallet, Edge Workspace, Encryption Keys, reason: 5, current state: 1
2026-05-06 12:35:48.362: [INFO][SyncEngineBackend::DoStartConfiguration] Start configuration
2026-05-06 12:35:48.362: [INFO][SyncManagerImpl::NudgeForInitialDownload] Initial download nudge for Bookmarks
2026-05-06 12:35:48.362: [INFO][SyncManagerImpl::NudgeForInitialDownload] Initial download nudge for Preferences
2026-05-06 12:35:48.362: [INFO][SyncManagerImpl::NudgeForInitialDownload] Initial download nudge for Extensions
2026-05-06 12:35:48.362: [INFO][SyncManagerImpl::NudgeForInitialDownload] Initial download nudge for Sessions
2026-05-06 12:35:48.362: [INFO][SyncManagerImpl::NudgeForInitialDownload] Initial download nudge for Extension settings
2026-05-06 12:35:48.362: [INFO][SyncManagerImpl::NudgeForInitialDownload] Initial download nudge for History Delete Directives
2026-05-06 12:35:48.362: [INFO][SyncManagerImpl::NudgeForInitialDownload] Initial download nudge for Device Info
2026-05-06 12:35:48.362: [INFO][SyncManagerImpl::NudgeForInitialDownload] Initial download nudge for Send Tab To Self
2026-05-06 12:35:48.362: [INFO][SyncManagerImpl::NudgeForInitialDownload] Initial download nudge for Web Apps
2026-05-06 12:35:48.362: [INFO][SyncManagerImpl::NudgeForInitialDownload] Initial download nudge for History
2026-05-06 12:35:48.362: [INFO][SyncManagerImpl::NudgeForInitialDownload] Initial download nudge for Saved Tab Group
2026-05-06 12:35:48.362: [INFO][SyncManagerImpl::NudgeForInitialDownload] Initial download nudge for WebAuthn Credentials
2026-05-06 12:35:48.362: [INFO][SyncManagerImpl::NudgeForInitialDownload] Initial download nudge for Collection
2026-05-06 12:35:48.362: [INFO][SyncManagerImpl::NudgeForInitialDownload] Initial download nudge for Edge E Drop
2026-05-06 12:35:48.362: [INFO][SyncManagerImpl::NudgeForInitialDownload] Initial download nudge for Edge Hub App Usage
2026-05-06 12:35:48.362: [INFO][SyncManagerImpl::NudgeForInitialDownload] Initial download nudge for Edge Wallet
2026-05-06 12:35:48.362: [INFO][SyncManagerImpl::NudgeForInitialDownload] Initial download nudge for Edge Workspace
2026-05-06 12:35:48.362: [INFO][SyncManagerImpl::ConfigureSyncer] Types to download:  with reason: 4
2026-05-06 12:35:48.362: [INFO][SyncEngineBackend::DoFinishConfigureDataTypes] Failed to download types:  and succeeded types: 
2026-05-06 12:35:48.362: [INFO][Sync] ConfigurationDone, failed: , succeeded: , remaining count: 4
2026-05-06 12:35:48.362: [WARN][Sync]     Reconfigure requested while configuration ongoing.
2026-05-06 12:35:48.362: [INFO][Sync] Configuring for: Bookmarks, Preferences, Passwords, Autofill Profiles, Autofill, Extensions, Sessions, Extension settings, History Delete Directives, Device Info, User Consents, Send Tab To Self, Web Apps, History, Saved Tab Group, WebAuthn Credentials, Collection, Edge E Drop, Edge Hub App Usage, Edge Wallet, Edge Workspace, Encryption Keys, reason: 5, current state: 2
2026-05-06 12:35:48.362: [INFO][Sync] Configure, desired: Bookmarks, Preferences, Passwords, Autofill Profiles, Autofill, Extensions, Sessions, Extension settings, History Delete Directives, Device Info, User Consents, Send Tab To Self, Web Apps, History, Saved Tab Group, WebAuthn Credentials, Collection, Edge E Drop, Edge Hub App Usage, Edge Wallet, Edge Workspace, Encryption Keys; Allow fail: 
2026-05-06 12:35:48.362: [INFO][Sync] Loading: Passwords
2026-05-06 12:35:48.362: [INFO][Sync] Loading: Autofill Profiles
2026-05-06 12:35:48.362: [INFO][Sync] Loading: Autofill
2026-05-06 12:35:48.362: [INFO][Sync] All data types are ready for configure.
2026-05-06 12:35:48.362: [INFO][SyncManagerImpl::NudgeForInitialDownload] Initial download nudge for Passwords
2026-05-06 12:35:48.362: [INFO][SyncManagerImpl::NudgeForInitialDownload] Initial download nudge for Autofill Profiles
2026-05-06 12:35:48.362: [INFO][SyncManagerImpl::NudgeForInitialDownload] Initial download nudge for Autofill
2026-05-06 12:35:48.362: [INFO][SyncManagerImpl::ConfigureSyncer] Types to download:  with reason: 5
2026-05-06 12:35:48.362: [INFO][SyncEngineBackend::DoFinishConfigureDataTypes] Failed to download types:  and succeeded types: 
2026-05-06 12:35:48.362: [INFO][Sync] ConfigurationDone, failed: , succeeded: , remaining count: 4
2026-05-06 12:35:48.362: [INFO][Sync] Prepare to configure types: Preferences, Passwords, Device Info, Send Tab To Self, Edge E Drop, Encryption Keys
2026-05-06 12:35:48.362: [INFO][SyncManagerImpl::ConfigureSyncer] Types to download: Preferences, Passwords, Device Info, Send Tab To Self, Edge E Drop, Encryption Keys with reason: 5
2026-05-06 12:35:48.362: [INFO][SyncSchedulerImpl::DoConfigurationSyncCycleJob] Blocked types:  and types to download: Preferences, Passwords, Device Info, Send Tab To Self, Edge E Drop, Encryption Keys
2026-05-06 12:35:49.050: [INFO][SyncEngineBackend::DoFinishConfigureDataTypes] Failed to download types:  and succeeded types: Preferences, Passwords, Device Info, Send Tab To Self, Edge E Drop, Encryption Keys
2026-05-06 12:35:49.052: [INFO][Sync] ConfigurationDone, failed: , succeeded: Preferences, Passwords, Device Info, Send Tab To Self, Edge E Drop, Encryption Keys, remaining count: 3
2026-05-06 12:35:49.052: [INFO][Sync] Prepare to configure types: Bookmarks, Encryption Keys
2026-05-06 12:35:49.052: [INFO][SyncManagerImpl::ConfigureSyncer] Types to download: Bookmarks, Encryption Keys with reason: 5
2026-05-06 12:35:49.052: [INFO][SyncSchedulerImpl::DoConfigurationSyncCycleJob] Blocked types:  and types to download: Bookmarks, Encryption Keys
2026-05-06 12:35:50.220: [INFO][SyncEngineBackend::DoFinishConfigureDataTypes] Failed to download types:  and succeeded types: Bookmarks, Encryption Keys
2026-05-06 12:35:50.222: [INFO][Sync] ConfigurationDone, failed: , succeeded: Bookmarks, Encryption Keys, remaining count: 2
2026-05-06 12:35:50.222: [INFO][Sync] Prepare to configure types: Autofill Profiles, Autofill, Extensions, Sessions, Extension settings, History Delete Directives, Web Apps, Saved Tab Group, WebAuthn Credentials, Collection, Edge Hub App Usage, Edge Wallet, Edge Workspace, Encryption Keys
2026-05-06 12:35:50.222: [INFO][SyncManagerImpl::ConfigureSyncer] Types to download: Autofill Profiles, Autofill, Extensions, Sessions, Extension settings, History Delete Directives, Web Apps, Saved Tab Group, WebAuthn Credentials, Collection, Edge Hub App Usage, Edge Wallet, Edge Workspace, Encryption Keys with reason: 5
2026-05-06 12:35:50.222: [INFO][SyncSchedulerImpl::DoConfigurationSyncCycleJob] Blocked types:  and types to download: Autofill Profiles, Autofill, Extensions, Sessions, Extension settings, History Delete Directives, Web Apps, Saved Tab Group, WebAuthn Credentials, Collection, Edge Hub App Usage, Edge Wallet, Edge Workspace, Encryption Keys
2026-05-06 12:35:50.756: [INFO][SyncEngineBackend::DoFinishConfigureDataTypes] Failed to download types:  and succeeded types: Autofill Profiles, Autofill, Extensions, Sessions, Extension settings, History Delete Directives, Web Apps, Saved Tab Group, WebAuthn Credentials, Collection, Edge Hub App Usage, Edge Wallet, Edge Workspace, Encryption Keys
2026-05-06 12:35:50.757: [INFO][Sync] ConfigurationDone, failed: , succeeded: Autofill Profiles, Autofill, Extensions, Sessions, Extension settings, History Delete Directives, Web Apps, Saved Tab Group, WebAuthn Credentials, Collection, Edge Hub App Usage, Edge Wallet, Edge Workspace, Encryption Keys, remaining count: 1
2026-05-06 12:35:50.758: [INFO][Sync] Prepare to configure types: History, Encryption Keys
2026-05-06 12:35:50.758: [INFO][SyncManagerImpl::ConfigureSyncer] Types to download: History, Encryption Keys with reason: 5
2026-05-06 12:35:50.758: [INFO][SyncSchedulerImpl::DoConfigurationSyncCycleJob] Blocked types:  and types to download: History, Encryption Keys
2026-05-06 12:35:51.281: [INFO][SyncEngineBackend::DoFinishConfigureDataTypes] Failed to download types:  and succeeded types: History, Encryption Keys
2026-05-06 12:35:51.283: [INFO][Sync] ConfigurationDone, failed: , succeeded: History, Encryption Keys, remaining count: 0
2026-05-06 12:35:51.284: [INFO][Sync]     Configuration completed, state: 7
2026-05-06 12:35:51.284: [INFO][Sync] Configured DataTypeManager: Ok
2026-05-06 12:35:51.286: [INFO][SyncEngineBackend::DoStartSyncing] Start syncing
2026-05-06 12:36:27.576: [INFO][Sync] Reset engine, reason: 0
2026-05-06 12:36:27.576: [INFO][Sync] Reset engine with reason: 0
